<html>
<head>
<title>TestNG:  Default test</title>
<link href="../testng.css" rel="stylesheet" type="text/css" />
<link href="../my-testng.css" rel="stylesheet" type="text/css" />

<style type="text/css">
.log { display: none;} 
.stack-trace { display: none;} 
</style>
<script type="text/javascript">
<!--
function flip(e) {
  current = e.style.display;
  if (current == 'block') {
    e.style.display = 'none';
    return 0;
  }
  else {
    e.style.display = 'block';
    return 1;
  }
}

function toggleBox(szDivId, elem, msg1, msg2)
{
  var res = -1;  if (document.getElementById) {
    res = flip(document.getElementById(szDivId));
  }
  else if (document.all) {
    // this is the way old msie versions work
    res = flip(document.all[szDivId]);
  }
  if(elem) {
    if(res == 0) elem.innerHTML = msg1; else elem.innerHTML = msg2;
  }

}

function toggleAllBoxes() {
  if (document.getElementsByTagName) {
    d = document.getElementsByTagName('div');
    for (i = 0; i < d.length; i++) {
      if (d[i].className == 'log') {
        flip(d[i]);
      }
    }
  }
}

// -->
</script>

</head>
<body>
<h2 align='center'>Default test</h2><table border='1' align="center">
<tr>
<td>Tests passed/Failed/Skipped:</td><td>112/8/0</td>
</tr><tr>
<td>Started on:</td><td>Mon Jan 30 09:51:33 IST 2023</td>
</tr>
<tr><td>Total time:</td><td>3337 seconds (3337400 ms)</td>
</tr><tr>
<td>Included groups:</td><td></td>
</tr><tr>
<td>Excluded groups:</td><td></td>
</tr>
</table><p/>
<small><i>(Hover the method name to see the test class name)</i></small><p/>
<table width='100%' border='1' class='invocation-failed'>
<tr><td colspan='4' align='center'><b>FAILED TESTS</b></td></tr>
<tr><td><b>Test method</b></td>
<td width="30%"><b>Exception</b></td>
<td width="10%"><b>Time (seconds)</b></td>
<td><b>Instance</b></td>
</tr>
<tr>
<td title='pagesTestCasesYasasiiWeb.Dental_testcase.master()'><b>master</b><br>Test class: pagesTestCasesYasasiiWeb.Dental_testcase<br>Parameters: , , , , , </td>
<td><div><pre>org.openqa.selenium.ElementClickInterceptedException: element click intercepted: Element &lt;input _ngcontent-jfi-c15=&quot;&quot; autocapitalize=&quot;none&quot; autocomplete=&quot;off&quot; autocorrect=&quot;off&quot; class=&quot;form-control ng-valid ng-dirty ng-touched&quot; spellcheck=&quot;false&quot; tabindex=&quot;1&quot; type=&quot;text&quot; placeholder=&quot;&quot; id=&quot;servicecategoryser&quot;&gt; is not clickable at point (802, 81). Other element would receive the click: &lt;div class=&quot;menu-overlay&quot;&gt;&lt;/div&gt;
  (Session info: chrome=109.0.5414.75)
Build info: version: &apos;4.0.0-alpha-3&apos;, revision: &apos;8c567de6dc&apos;
System info: host: &apos;KI54&apos;, ip: &apos;192.168.0.54&apos;, os.name: &apos;Windows 10&apos;, os.arch: &apos;amd64&apos;, os.version: &apos;10.0&apos;, java.version: &apos;18.0.1&apos;
Driver info: org.openqa.selenium.chrome.ChromeDriver
Capabilities {acceptInsecureCerts: false, browserName: chrome, browserVersion: 109.0.5414.75, chrome: {chromedriverVersion: 109.0.5414.74 (e7c5703604da..., userDataDir: C:\Users\sriram\AppData\Loc...}, goog:chromeOptions: {debuggerAddress: localhost:59829}, javascriptEnabled: true, networkConnectionEnabled: false, pageLoadStrategy: normal, platform: WINDOWS, platformName: WINDOWS, proxy: Proxy(), setWindowRect: true, strictFileInteractability: false, timeouts: {implicit: 0, pageLoad: 300000, script: 30000}, unhandledPromptBehavior: dismiss and notify, webauthn:extension:credBlob: true, webauthn:extension:largeBlob: true, webauthn:virtualAuthenticators: true}
Session ID: 2c084ad0bdcbdc39fa4eeaf558f94183
	at java.base/jdk.internal.reflect.DirectConstructorHandleAccessor.newInstance(DirectConstructorHandleAccessor.java:67)
	at java.base/java.lang.reflect.Constructor.newInstanceWithCaller(Constructor.java:499)
	at java.base/java.lang.reflect.Constructor.newInstance(Constructor.java:483)
	at org.openqa.selenium.remote.codec.w3c.W3CHttpResponseCodec.createException(W3CHttpResponseCodec.java:191)
	at org.openqa.selenium.remote.codec.w3c.W3CHttpResponseCodec.decode(W3CHttpResponseCodec.java:125)
	at org.openqa.selenium.remote.codec.w3c.W3CHttpResponseCodec.decode(W3CHttpResponseCodec.java:52)
	at org.openqa.selenium.remote.HttpCommandExecutor.execute(HttpCommandExecutor.java:161)
	at org.openqa.selenium.remote.service.DriverCommandExecutor.execute(DriverCommandExecutor.java:83)
	at org.openqa.selenium.remote.RemoteWebDriver.execute(RemoteWebDriver.java:576)
	at org.openqa.selenium.remote.RemoteWebElement.execute(RemoteWebElement.java:308)
	at org.openqa.selenium.remote.RemoteWebElement.click(RemoteWebElement.java:83)
	at java.base/jdk.internal.reflect.DirectMethodHandleAccessor.invoke(DirectMethodHandleAccessor.java:104)
	at java.base/java.lang.reflect.Method.invoke(Method.java:577)
	at org.openqa.selenium.support.pagefactory.internal.LocatingElementHandler.invoke(LocatingElementHandler.java:52)
	at jdk.proxy2/jdk.proxy2.$Proxy35.click(Unknown Source)
	at pagesOfYasasiiWeb.dental_yasassiWeb.master(dental_yasassiWeb.java:177)
	at pagesTestCasesYasasiiWeb.Dental_testcase.master(Dental_testcase.java:58)
	at java.base/jdk.internal.reflect.DirectMethodHandleAccessor.invoke(DirectMethodHandleAccessor.java:104)
	at java.base/java.lang.reflect.Method.invoke(Method.java:577)
	at org.testng.internal.MethodInvocationHelper.invokeMethod(MethodInvocationHelper.java:132)
	at org.testng.internal.TestInvoker.invokeMethod(TestInvoker.java:599)
	at org.testng.internal.TestInvoker.invokeTestMethod(TestInvoker.java:174)
	at org.testng.internal.MethodRunner.runInSequence(MethodRunner.java:46)
	at org.testng.internal.TestInvoker$MethodInvocationAgent.invoke(TestInvoker.java:822)
	at org.testng.internal.TestInvoker.invokeTestMethods(TestInvoker.java:147)
	at org.testng.internal.TestMethodWorker.invokeTestMethods(TestMethodWorker.java:146)
	at org.testng.internal.TestMethodWorker.run(TestMethodWorker.java:128)
	at java.base/java.util.ArrayList.forEach(ArrayList.java:1511)
	at org.testng.TestRunner.privateRun(TestRunner.java:764)
	at org.testng.TestRunner.run(TestRunner.java:585)
	at org.testng.SuiteRunner.runTest(SuiteRunner.java:384)
	at org.testng.SuiteRunner.runSequentially(SuiteRunner.java:378)
	at org.testng.SuiteRunner.privateRun(SuiteRunner.java:337)
	at org.testng.SuiteRunner.run(SuiteRunner.java:286)
	at org.testng.SuiteRunnerWorker.runSuite(SuiteRunnerWorker.java:53)
	at org.testng.SuiteRunnerWorker.run(SuiteRunnerWorker.java:96)
	at org.testng.TestNG.runSuitesSequentially(TestNG.java:1218)
	at org.testng.TestNG.runSuitesLocally(TestNG.java:1140)
	at org.testng.TestNG.runSuites(TestNG.java:1069)
	at org.testng.TestNG.run(TestNG.java:1037)
	at org.testng.remote.AbstractRemoteTestNG.run(AbstractRemoteTestNG.java:115)
	at org.testng.remote.RemoteTestNG.initAndRun(RemoteTestNG.java:251)
	at org.testng.remote.RemoteTestNG.main(RemoteTestNG.java:77)
</pre></div><a href='#' onClick='toggleBox("stack-trace211542895", this, "Click to show all stack frames", "Click to hide stack frames")'>Click to show all stack frames</a>
<div class='stack-trace' id='stack-trace211542895'><pre>org.openqa.selenium.ElementClickInterceptedException: element click intercepted: Element &lt;input _ngcontent-jfi-c15=&quot;&quot; autocapitalize=&quot;none&quot; autocomplete=&quot;off&quot; autocorrect=&quot;off&quot; class=&quot;form-control ng-valid ng-dirty ng-touched&quot; spellcheck=&quot;false&quot; tabindex=&quot;1&quot; type=&quot;text&quot; placeholder=&quot;&quot; id=&quot;servicecategoryser&quot;&gt; is not clickable at point (802, 81). Other element would receive the click: &lt;div class=&quot;menu-overlay&quot;&gt;&lt;/div&gt;
  (Session info: chrome=109.0.5414.75)
Build info: version: &apos;4.0.0-alpha-3&apos;, revision: &apos;8c567de6dc&apos;
System info: host: &apos;KI54&apos;, ip: &apos;192.168.0.54&apos;, os.name: &apos;Windows 10&apos;, os.arch: &apos;amd64&apos;, os.version: &apos;10.0&apos;, java.version: &apos;18.0.1&apos;
Driver info: org.openqa.selenium.chrome.ChromeDriver
Capabilities {acceptInsecureCerts: false, browserName: chrome, browserVersion: 109.0.5414.75, chrome: {chromedriverVersion: 109.0.5414.74 (e7c5703604da..., userDataDir: C:\Users\sriram\AppData\Loc...}, goog:chromeOptions: {debuggerAddress: localhost:59829}, javascriptEnabled: true, networkConnectionEnabled: false, pageLoadStrategy: normal, platform: WINDOWS, platformName: WINDOWS, proxy: Proxy(), setWindowRect: true, strictFileInteractability: false, timeouts: {implicit: 0, pageLoad: 300000, script: 30000}, unhandledPromptBehavior: dismiss and notify, webauthn:extension:credBlob: true, webauthn:extension:largeBlob: true, webauthn:virtualAuthenticators: true}
Session ID: 2c084ad0bdcbdc39fa4eeaf558f94183
	at java.base/jdk.internal.reflect.DirectConstructorHandleAccessor.newInstance(DirectConstructorHandleAccessor.java:67)
	at java.base/java.lang.reflect.Constructor.newInstanceWithCaller(Constructor.java:499)
	at java.base/java.lang.reflect.Constructor.newInstance(Constructor.java:483)
	at org.openqa.selenium.remote.codec.w3c.W3CHttpResponseCodec.createException(W3CHttpResponseCodec.java:191)
	at org.openqa.selenium.remote.codec.w3c.W3CHttpResponseCodec.decode(W3CHttpResponseCodec.java:125)
	at org.openqa.selenium.remote.codec.w3c.W3CHttpResponseCodec.decode(W3CHttpResponseCodec.java:52)
	at org.openqa.selenium.remote.HttpCommandExecutor.execute(HttpCommandExecutor.java:161)
	at org.openqa.selenium.remote.service.DriverCommandExecutor.execute(DriverCommandExecutor.java:83)
	at org.openqa.selenium.remote.RemoteWebDriver.execute(RemoteWebDriver.java:576)
	at org.openqa.selenium.remote.RemoteWebElement.execute(RemoteWebElement.java:308)
	at org.openqa.selenium.remote.RemoteWebElement.click(RemoteWebElement.java:83)
	at java.base/jdk.internal.reflect.DirectMethodHandleAccessor.invoke(DirectMethodHandleAccessor.java:104)
	at java.base/java.lang.reflect.Method.invoke(Method.java:577)
	at org.openqa.selenium.support.pagefactory.internal.LocatingElementHandler.invoke(LocatingElementHandler.java:52)
	at jdk.proxy2/jdk.proxy2.$Proxy35.click(Unknown Source)
	at pagesOfYasasiiWeb.dental_yasassiWeb.master(dental_yasassiWeb.java:177)
	at pagesTestCasesYasasiiWeb.Dental_testcase.master(Dental_testcase.java:58)
	at java.base/jdk.internal.reflect.DirectMethodHandleAccessor.invoke(DirectMethodHandleAccessor.java:104)
	at java.base/java.lang.reflect.Method.invoke(Method.java:577)
	at org.testng.internal.MethodInvocationHelper.invokeMethod(MethodInvocationHelper.java:132)
	at org.testng.internal.TestInvoker.invokeMethod(TestInvoker.java:599)
	at org.testng.internal.TestInvoker.invokeTestMethod(TestInvoker.java:174)
	at org.testng.internal.MethodRunner.runInSequence(MethodRunner.java:46)
	at org.testng.internal.TestInvoker$MethodInvocationAgent.invoke(TestInvoker.java:822)
	at org.testng.internal.TestInvoker.invokeTestMethods(TestInvoker.java:147)
	at org.testng.internal.TestMethodWorker.invokeTestMethods(TestMethodWorker.java:146)
	at org.testng.internal.TestMethodWorker.run(TestMethodWorker.java:128)
	at java.base/java.util.ArrayList.forEach(ArrayList.java:1511)
	at org.testng.TestRunner.privateRun(TestRunner.java:764)
	at org.testng.TestRunner.run(TestRunner.java:585)
	at org.testng.SuiteRunner.runTest(SuiteRunner.java:384)
	at org.testng.SuiteRunner.runSequentially(SuiteRunner.java:378)
	at org.testng.SuiteRunner.privateRun(SuiteRunner.java:337)
	at org.testng.SuiteRunner.run(SuiteRunner.java:286)
	at org.testng.SuiteRunnerWorker.runSuite(SuiteRunnerWorker.java:53)
	at org.testng.SuiteRunnerWorker.run(SuiteRunnerWorker.java:96)
	at org.testng.TestNG.runSuitesSequentially(TestNG.java:1218)
	at org.testng.TestNG.runSuitesLocally(TestNG.java:1140)
	at org.testng.TestNG.runSuites(TestNG.java:1069)
	at org.testng.TestNG.run(TestNG.java:1037)
	at org.testng.remote.AbstractRemoteTestNG.run(AbstractRemoteTestNG.java:115)
	at org.testng.remote.RemoteTestNG.initAndRun(RemoteTestNG.java:251)
	at org.testng.remote.RemoteTestNG.main(RemoteTestNG.java:77)
</pre></div></td>
<td>16</td>
<td>pagesTestCasesYasasiiWeb.Dental_testcase@60d1a32f</td></tr>
<tr>
<td title='pagesTestCasesYasasiiWeb.Dental_testcase.master()'><b>master</b><br>Test class: pagesTestCasesYasasiiWeb.Dental_testcase<br>Parameters: , , , , , </td>
<td><div><pre>org.openqa.selenium.ElementClickInterceptedException: element click intercepted: Element &lt;button _ngcontent-jfi-c38=&quot;&quot; class=&quot;btn btn-red clear&quot; type=&quot;button&quot;&gt;...&lt;/button&gt; is not clickable at point (1300, 591). Other element would receive the click: &lt;div class=&quot;menu-overlay&quot;&gt;&lt;/div&gt;
  (Session info: chrome=109.0.5414.75)
Build info: version: &apos;4.0.0-alpha-3&apos;, revision: &apos;8c567de6dc&apos;
System info: host: &apos;KI54&apos;, ip: &apos;192.168.0.54&apos;, os.name: &apos;Windows 10&apos;, os.arch: &apos;amd64&apos;, os.version: &apos;10.0&apos;, java.version: &apos;18.0.1&apos;
Driver info: org.openqa.selenium.chrome.ChromeDriver
Capabilities {acceptInsecureCerts: false, browserName: chrome, browserVersion: 109.0.5414.75, chrome: {chromedriverVersion: 109.0.5414.74 (e7c5703604da..., userDataDir: C:\Users\sriram\AppData\Loc...}, goog:chromeOptions: {debuggerAddress: localhost:59829}, javascriptEnabled: true, networkConnectionEnabled: false, pageLoadStrategy: normal, platform: WINDOWS, platformName: WINDOWS, proxy: Proxy(), setWindowRect: true, strictFileInteractability: false, timeouts: {implicit: 0, pageLoad: 300000, script: 30000}, unhandledPromptBehavior: dismiss and notify, webauthn:extension:credBlob: true, webauthn:extension:largeBlob: true, webauthn:virtualAuthenticators: true}
Session ID: 2c084ad0bdcbdc39fa4eeaf558f94183
	at java.base/jdk.internal.reflect.DirectConstructorHandleAccessor.newInstance(DirectConstructorHandleAccessor.java:67)
	at java.base/java.lang.reflect.Constructor.newInstanceWithCaller(Constructor.java:499)
	at java.base/java.lang.reflect.Constructor.newInstance(Constructor.java:483)
	at org.openqa.selenium.remote.codec.w3c.W3CHttpResponseCodec.createException(W3CHttpResponseCodec.java:191)
	at org.openqa.selenium.remote.codec.w3c.W3CHttpResponseCodec.decode(W3CHttpResponseCodec.java:125)
	at org.openqa.selenium.remote.codec.w3c.W3CHttpResponseCodec.decode(W3CHttpResponseCodec.java:52)
	at org.openqa.selenium.remote.HttpCommandExecutor.execute(HttpCommandExecutor.java:161)
	at org.openqa.selenium.remote.service.DriverCommandExecutor.execute(DriverCommandExecutor.java:83)
	at org.openqa.selenium.remote.RemoteWebDriver.execute(RemoteWebDriver.java:576)
	at org.openqa.selenium.remote.RemoteWebElement.execute(RemoteWebElement.java:308)
	at org.openqa.selenium.remote.RemoteWebElement.click(RemoteWebElement.java:83)
	at pagesOfYasasiiWeb.dental_yasassiWeb.master(dental_yasassiWeb.java:148)
	at pagesTestCasesYasasiiWeb.Dental_testcase.master(Dental_testcase.java:58)
	at java.base/jdk.internal.reflect.DirectMethodHandleAccessor.invoke(DirectMethodHandleAccessor.java:104)
	at java.base/java.lang.reflect.Method.invoke(Method.java:577)
	at org.testng.internal.MethodInvocationHelper.invokeMethod(MethodInvocationHelper.java:132)
	at org.testng.internal.TestInvoker.invokeMethod(TestInvoker.java:599)
	at org.testng.internal.TestInvoker.invokeTestMethod(TestInvoker.java:174)
	at org.testng.internal.MethodRunner.runInSequence(MethodRunner.java:46)
	at org.testng.internal.TestInvoker$MethodInvocationAgent.invoke(TestInvoker.java:822)
	at org.testng.internal.TestInvoker.invokeTestMethods(TestInvoker.java:147)
	at org.testng.internal.TestMethodWorker.invokeTestMethods(TestMethodWorker.java:146)
	at org.testng.internal.TestMethodWorker.run(TestMethodWorker.java:128)
	at java.base/java.util.ArrayList.forEach(ArrayList.java:1511)
	at org.testng.TestRunner.privateRun(TestRunner.java:764)
	at org.testng.TestRunner.run(TestRunner.java:585)
	at org.testng.SuiteRunner.runTest(SuiteRunner.java:384)
	at org.testng.SuiteRunner.runSequentially(SuiteRunner.java:378)
	at org.testng.SuiteRunner.privateRun(SuiteRunner.java:337)
	at org.testng.SuiteRunner.run(SuiteRunner.java:286)
	at org.testng.SuiteRunnerWorker.runSuite(SuiteRunnerWorker.java:53)
	at org.testng.SuiteRunnerWorker.run(SuiteRunnerWorker.java:96)
	at org.testng.TestNG.runSuitesSequentially(TestNG.java:1218)
	at org.testng.TestNG.runSuitesLocally(TestNG.java:1140)
	at org.testng.TestNG.runSuites(TestNG.java:1069)
	at org.testng.TestNG.run(TestNG.java:1037)
	at org.testng.remote.AbstractRemoteTestNG.run(AbstractRemoteTestNG.java:115)
	at org.testng.remote.RemoteTestNG.initAndRun(RemoteTestNG.java:251)
	at org.testng.remote.RemoteTestNG.main(RemoteTestNG.java:77)
</pre></div><a href='#' onClick='toggleBox("stack-trace1629439751", this, "Click to show all stack frames", "Click to hide stack frames")'>Click to show all stack frames</a>
<div class='stack-trace' id='stack-trace1629439751'><pre>org.openqa.selenium.ElementClickInterceptedException: element click intercepted: Element &lt;button _ngcontent-jfi-c38=&quot;&quot; class=&quot;btn btn-red clear&quot; type=&quot;button&quot;&gt;...&lt;/button&gt; is not clickable at point (1300, 591). Other element would receive the click: &lt;div class=&quot;menu-overlay&quot;&gt;&lt;/div&gt;
  (Session info: chrome=109.0.5414.75)
Build info: version: &apos;4.0.0-alpha-3&apos;, revision: &apos;8c567de6dc&apos;
System info: host: &apos;KI54&apos;, ip: &apos;192.168.0.54&apos;, os.name: &apos;Windows 10&apos;, os.arch: &apos;amd64&apos;, os.version: &apos;10.0&apos;, java.version: &apos;18.0.1&apos;
Driver info: org.openqa.selenium.chrome.ChromeDriver
Capabilities {acceptInsecureCerts: false, browserName: chrome, browserVersion: 109.0.5414.75, chrome: {chromedriverVersion: 109.0.5414.74 (e7c5703604da..., userDataDir: C:\Users\sriram\AppData\Loc...}, goog:chromeOptions: {debuggerAddress: localhost:59829}, javascriptEnabled: true, networkConnectionEnabled: false, pageLoadStrategy: normal, platform: WINDOWS, platformName: WINDOWS, proxy: Proxy(), setWindowRect: true, strictFileInteractability: false, timeouts: {implicit: 0, pageLoad: 300000, script: 30000}, unhandledPromptBehavior: dismiss and notify, webauthn:extension:credBlob: true, webauthn:extension:largeBlob: true, webauthn:virtualAuthenticators: true}
Session ID: 2c084ad0bdcbdc39fa4eeaf558f94183
	at java.base/jdk.internal.reflect.DirectConstructorHandleAccessor.newInstance(DirectConstructorHandleAccessor.java:67)
	at java.base/java.lang.reflect.Constructor.newInstanceWithCaller(Constructor.java:499)
	at java.base/java.lang.reflect.Constructor.newInstance(Constructor.java:483)
	at org.openqa.selenium.remote.codec.w3c.W3CHttpResponseCodec.createException(W3CHttpResponseCodec.java:191)
	at org.openqa.selenium.remote.codec.w3c.W3CHttpResponseCodec.decode(W3CHttpResponseCodec.java:125)
	at org.openqa.selenium.remote.codec.w3c.W3CHttpResponseCodec.decode(W3CHttpResponseCodec.java:52)
	at org.openqa.selenium.remote.HttpCommandExecutor.execute(HttpCommandExecutor.java:161)
	at org.openqa.selenium.remote.service.DriverCommandExecutor.execute(DriverCommandExecutor.java:83)
	at org.openqa.selenium.remote.RemoteWebDriver.execute(RemoteWebDriver.java:576)
	at org.openqa.selenium.remote.RemoteWebElement.execute(RemoteWebElement.java:308)
	at org.openqa.selenium.remote.RemoteWebElement.click(RemoteWebElement.java:83)
	at pagesOfYasasiiWeb.dental_yasassiWeb.master(dental_yasassiWeb.java:148)
	at pagesTestCasesYasasiiWeb.Dental_testcase.master(Dental_testcase.java:58)
	at java.base/jdk.internal.reflect.DirectMethodHandleAccessor.invoke(DirectMethodHandleAccessor.java:104)
	at java.base/java.lang.reflect.Method.invoke(Method.java:577)
	at org.testng.internal.MethodInvocationHelper.invokeMethod(MethodInvocationHelper.java:132)
	at org.testng.internal.TestInvoker.invokeMethod(TestInvoker.java:599)
	at org.testng.internal.TestInvoker.invokeTestMethod(TestInvoker.java:174)
	at org.testng.internal.MethodRunner.runInSequence(MethodRunner.java:46)
	at org.testng.internal.TestInvoker$MethodInvocationAgent.invoke(TestInvoker.java:822)
	at org.testng.internal.TestInvoker.invokeTestMethods(TestInvoker.java:147)
	at org.testng.internal.TestMethodWorker.invokeTestMethods(TestMethodWorker.java:146)
	at org.testng.internal.TestMethodWorker.run(TestMethodWorker.java:128)
	at java.base/java.util.ArrayList.forEach(ArrayList.java:1511)
	at org.testng.TestRunner.privateRun(TestRunner.java:764)
	at org.testng.TestRunner.run(TestRunner.java:585)
	at org.testng.SuiteRunner.runTest(SuiteRunner.java:384)
	at org.testng.SuiteRunner.runSequentially(SuiteRunner.java:378)
	at org.testng.SuiteRunner.privateRun(SuiteRunner.java:337)
	at org.testng.SuiteRunner.run(SuiteRunner.java:286)
	at org.testng.SuiteRunnerWorker.runSuite(SuiteRunnerWorker.java:53)
	at org.testng.SuiteRunnerWorker.run(SuiteRunnerWorker.java:96)
	at org.testng.TestNG.runSuitesSequentially(TestNG.java:1218)
	at org.testng.TestNG.runSuitesLocally(TestNG.java:1140)
	at org.testng.TestNG.runSuites(TestNG.java:1069)
	at org.testng.TestNG.run(TestNG.java:1037)
	at org.testng.remote.AbstractRemoteTestNG.run(AbstractRemoteTestNG.java:115)
	at org.testng.remote.RemoteTestNG.initAndRun(RemoteTestNG.java:251)
	at org.testng.remote.RemoteTestNG.main(RemoteTestNG.java:77)
</pre></div></td>
<td>3</td>
<td>pagesTestCasesYasasiiWeb.Dental_testcase@60d1a32f</td></tr>
<tr>
<td title='pagesTestCasesYasasiiWeb.Dental_testcase.master()'><b>master</b><br>Test class: pagesTestCasesYasasiiWeb.Dental_testcase<br>Parameters: , , , , , </td>
<td><div><pre>org.openqa.selenium.ElementClickInterceptedException: element click intercepted: Element &lt;button _ngcontent-jfi-c38=&quot;&quot; class=&quot;btn btn-red clear&quot; type=&quot;button&quot;&gt;...&lt;/button&gt; is not clickable at point (1300, 591). Other element would receive the click: &lt;div class=&quot;menu-overlay&quot;&gt;&lt;/div&gt;
  (Session info: chrome=109.0.5414.75)
Build info: version: &apos;4.0.0-alpha-3&apos;, revision: &apos;8c567de6dc&apos;
System info: host: &apos;KI54&apos;, ip: &apos;192.168.0.54&apos;, os.name: &apos;Windows 10&apos;, os.arch: &apos;amd64&apos;, os.version: &apos;10.0&apos;, java.version: &apos;18.0.1&apos;
Driver info: org.openqa.selenium.chrome.ChromeDriver
Capabilities {acceptInsecureCerts: false, browserName: chrome, browserVersion: 109.0.5414.75, chrome: {chromedriverVersion: 109.0.5414.74 (e7c5703604da..., userDataDir: C:\Users\sriram\AppData\Loc...}, goog:chromeOptions: {debuggerAddress: localhost:59829}, javascriptEnabled: true, networkConnectionEnabled: false, pageLoadStrategy: normal, platform: WINDOWS, platformName: WINDOWS, proxy: Proxy(), setWindowRect: true, strictFileInteractability: false, timeouts: {implicit: 0, pageLoad: 300000, script: 30000}, unhandledPromptBehavior: dismiss and notify, webauthn:extension:credBlob: true, webauthn:extension:largeBlob: true, webauthn:virtualAuthenticators: true}
Session ID: 2c084ad0bdcbdc39fa4eeaf558f94183
	at java.base/jdk.internal.reflect.DirectConstructorHandleAccessor.newInstance(DirectConstructorHandleAccessor.java:67)
	at java.base/java.lang.reflect.Constructor.newInstanceWithCaller(Constructor.java:499)
	at java.base/java.lang.reflect.Constructor.newInstance(Constructor.java:483)
	at org.openqa.selenium.remote.codec.w3c.W3CHttpResponseCodec.createException(W3CHttpResponseCodec.java:191)
	at org.openqa.selenium.remote.codec.w3c.W3CHttpResponseCodec.decode(W3CHttpResponseCodec.java:125)
	at org.openqa.selenium.remote.codec.w3c.W3CHttpResponseCodec.decode(W3CHttpResponseCodec.java:52)
	at org.openqa.selenium.remote.HttpCommandExecutor.execute(HttpCommandExecutor.java:161)
	at org.openqa.selenium.remote.service.DriverCommandExecutor.execute(DriverCommandExecutor.java:83)
	at org.openqa.selenium.remote.RemoteWebDriver.execute(RemoteWebDriver.java:576)
	at org.openqa.selenium.remote.RemoteWebElement.execute(RemoteWebElement.java:308)
	at org.openqa.selenium.remote.RemoteWebElement.click(RemoteWebElement.java:83)
	at pagesOfYasasiiWeb.dental_yasassiWeb.master(dental_yasassiWeb.java:148)
	at pagesTestCasesYasasiiWeb.Dental_testcase.master(Dental_testcase.java:58)
	at java.base/jdk.internal.reflect.DirectMethodHandleAccessor.invoke(DirectMethodHandleAccessor.java:104)
	at java.base/java.lang.reflect.Method.invoke(Method.java:577)
	at org.testng.internal.MethodInvocationHelper.invokeMethod(MethodInvocationHelper.java:132)
	at org.testng.internal.TestInvoker.invokeMethod(TestInvoker.java:599)
	at org.testng.internal.TestInvoker.invokeTestMethod(TestInvoker.java:174)
	at org.testng.internal.MethodRunner.runInSequence(MethodRunner.java:46)
	at org.testng.internal.TestInvoker$MethodInvocationAgent.invoke(TestInvoker.java:822)
	at org.testng.internal.TestInvoker.invokeTestMethods(TestInvoker.java:147)
	at org.testng.internal.TestMethodWorker.invokeTestMethods(TestMethodWorker.java:146)
	at org.testng.internal.TestMethodWorker.run(TestMethodWorker.java:128)
	at java.base/java.util.ArrayList.forEach(ArrayList.java:1511)
	at org.testng.TestRunner.privateRun(TestRunner.java:764)
	at org.testng.TestRunner.run(TestRunner.java:585)
	at org.testng.SuiteRunner.runTest(SuiteRunner.java:384)
	at org.testng.SuiteRunner.runSequentially(SuiteRunner.java:378)
	at org.testng.SuiteRunner.privateRun(SuiteRunner.java:337)
	at org.testng.SuiteRunner.run(SuiteRunner.java:286)
	at org.testng.SuiteRunnerWorker.runSuite(SuiteRunnerWorker.java:53)
	at org.testng.SuiteRunnerWorker.run(SuiteRunnerWorker.java:96)
	at org.testng.TestNG.runSuitesSequentially(TestNG.java:1218)
	at org.testng.TestNG.runSuitesLocally(TestNG.java:1140)
	at org.testng.TestNG.runSuites(TestNG.java:1069)
	at org.testng.TestNG.run(TestNG.java:1037)
	at org.testng.remote.AbstractRemoteTestNG.run(AbstractRemoteTestNG.java:115)
	at org.testng.remote.RemoteTestNG.initAndRun(RemoteTestNG.java:251)
	at org.testng.remote.RemoteTestNG.main(RemoteTestNG.java:77)
</pre></div><a href='#' onClick='toggleBox("stack-trace459009199", this, "Click to show all stack frames", "Click to hide stack frames")'>Click to show all stack frames</a>
<div class='stack-trace' id='stack-trace459009199'><pre>org.openqa.selenium.ElementClickInterceptedException: element click intercepted: Element &lt;button _ngcontent-jfi-c38=&quot;&quot; class=&quot;btn btn-red clear&quot; type=&quot;button&quot;&gt;...&lt;/button&gt; is not clickable at point (1300, 591). Other element would receive the click: &lt;div class=&quot;menu-overlay&quot;&gt;&lt;/div&gt;
  (Session info: chrome=109.0.5414.75)
Build info: version: &apos;4.0.0-alpha-3&apos;, revision: &apos;8c567de6dc&apos;
System info: host: &apos;KI54&apos;, ip: &apos;192.168.0.54&apos;, os.name: &apos;Windows 10&apos;, os.arch: &apos;amd64&apos;, os.version: &apos;10.0&apos;, java.version: &apos;18.0.1&apos;
Driver info: org.openqa.selenium.chrome.ChromeDriver
Capabilities {acceptInsecureCerts: false, browserName: chrome, browserVersion: 109.0.5414.75, chrome: {chromedriverVersion: 109.0.5414.74 (e7c5703604da..., userDataDir: C:\Users\sriram\AppData\Loc...}, goog:chromeOptions: {debuggerAddress: localhost:59829}, javascriptEnabled: true, networkConnectionEnabled: false, pageLoadStrategy: normal, platform: WINDOWS, platformName: WINDOWS, proxy: Proxy(), setWindowRect: true, strictFileInteractability: false, timeouts: {implicit: 0, pageLoad: 300000, script: 30000}, unhandledPromptBehavior: dismiss and notify, webauthn:extension:credBlob: true, webauthn:extension:largeBlob: true, webauthn:virtualAuthenticators: true}
Session ID: 2c084ad0bdcbdc39fa4eeaf558f94183
	at java.base/jdk.internal.reflect.DirectConstructorHandleAccessor.newInstance(DirectConstructorHandleAccessor.java:67)
	at java.base/java.lang.reflect.Constructor.newInstanceWithCaller(Constructor.java:499)
	at java.base/java.lang.reflect.Constructor.newInstance(Constructor.java:483)
	at org.openqa.selenium.remote.codec.w3c.W3CHttpResponseCodec.createException(W3CHttpResponseCodec.java:191)
	at org.openqa.selenium.remote.codec.w3c.W3CHttpResponseCodec.decode(W3CHttpResponseCodec.java:125)
	at org.openqa.selenium.remote.codec.w3c.W3CHttpResponseCodec.decode(W3CHttpResponseCodec.java:52)
	at org.openqa.selenium.remote.HttpCommandExecutor.execute(HttpCommandExecutor.java:161)
	at org.openqa.selenium.remote.service.DriverCommandExecutor.execute(DriverCommandExecutor.java:83)
	at org.openqa.selenium.remote.RemoteWebDriver.execute(RemoteWebDriver.java:576)
	at org.openqa.selenium.remote.RemoteWebElement.execute(RemoteWebElement.java:308)
	at org.openqa.selenium.remote.RemoteWebElement.click(RemoteWebElement.java:83)
	at pagesOfYasasiiWeb.dental_yasassiWeb.master(dental_yasassiWeb.java:148)
	at pagesTestCasesYasasiiWeb.Dental_testcase.master(Dental_testcase.java:58)
	at java.base/jdk.internal.reflect.DirectMethodHandleAccessor.invoke(DirectMethodHandleAccessor.java:104)
	at java.base/java.lang.reflect.Method.invoke(Method.java:577)
	at org.testng.internal.MethodInvocationHelper.invokeMethod(MethodInvocationHelper.java:132)
	at org.testng.internal.TestInvoker.invokeMethod(TestInvoker.java:599)
	at org.testng.internal.TestInvoker.invokeTestMethod(TestInvoker.java:174)
	at org.testng.internal.MethodRunner.runInSequence(MethodRunner.java:46)
	at org.testng.internal.TestInvoker$MethodInvocationAgent.invoke(TestInvoker.java:822)
	at org.testng.internal.TestInvoker.invokeTestMethods(TestInvoker.java:147)
	at org.testng.internal.TestMethodWorker.invokeTestMethods(TestMethodWorker.java:146)
	at org.testng.internal.TestMethodWorker.run(TestMethodWorker.java:128)
	at java.base/java.util.ArrayList.forEach(ArrayList.java:1511)
	at org.testng.TestRunner.privateRun(TestRunner.java:764)
	at org.testng.TestRunner.run(TestRunner.java:585)
	at org.testng.SuiteRunner.runTest(SuiteRunner.java:384)
	at org.testng.SuiteRunner.runSequentially(SuiteRunner.java:378)
	at org.testng.SuiteRunner.privateRun(SuiteRunner.java:337)
	at org.testng.SuiteRunner.run(SuiteRunner.java:286)
	at org.testng.SuiteRunnerWorker.runSuite(SuiteRunnerWorker.java:53)
	at org.testng.SuiteRunnerWorker.run(SuiteRunnerWorker.java:96)
	at org.testng.TestNG.runSuitesSequentially(TestNG.java:1218)
	at org.testng.TestNG.runSuitesLocally(TestNG.java:1140)
	at org.testng.TestNG.runSuites(TestNG.java:1069)
	at org.testng.TestNG.run(TestNG.java:1037)
	at org.testng.remote.AbstractRemoteTestNG.run(AbstractRemoteTestNG.java:115)
	at org.testng.remote.RemoteTestNG.initAndRun(RemoteTestNG.java:251)
	at org.testng.remote.RemoteTestNG.main(RemoteTestNG.java:77)
</pre></div></td>
<td>3</td>
<td>pagesTestCasesYasasiiWeb.Dental_testcase@60d1a32f</td></tr>
<tr>
<td title='pagesTestCasesYasasiiWeb.Dental_testcase.master()'><b>master</b><br>Test class: pagesTestCasesYasasiiWeb.Dental_testcase<br>Parameters: , , , , , </td>
<td><div><pre>org.openqa.selenium.ElementClickInterceptedException: element click intercepted: Element &lt;button _ngcontent-jfi-c38=&quot;&quot; class=&quot;btn btn-red clear&quot; type=&quot;button&quot;&gt;...&lt;/button&gt; is not clickable at point (1300, 591). Other element would receive the click: &lt;div class=&quot;menu-overlay&quot;&gt;&lt;/div&gt;
  (Session info: chrome=109.0.5414.75)
Build info: version: &apos;4.0.0-alpha-3&apos;, revision: &apos;8c567de6dc&apos;
System info: host: &apos;KI54&apos;, ip: &apos;192.168.0.54&apos;, os.name: &apos;Windows 10&apos;, os.arch: &apos;amd64&apos;, os.version: &apos;10.0&apos;, java.version: &apos;18.0.1&apos;
Driver info: org.openqa.selenium.chrome.ChromeDriver
Capabilities {acceptInsecureCerts: false, browserName: chrome, browserVersion: 109.0.5414.75, chrome: {chromedriverVersion: 109.0.5414.74 (e7c5703604da..., userDataDir: C:\Users\sriram\AppData\Loc...}, goog:chromeOptions: {debuggerAddress: localhost:59829}, javascriptEnabled: true, networkConnectionEnabled: false, pageLoadStrategy: normal, platform: WINDOWS, platformName: WINDOWS, proxy: Proxy(), setWindowRect: true, strictFileInteractability: false, timeouts: {implicit: 0, pageLoad: 300000, script: 30000}, unhandledPromptBehavior: dismiss and notify, webauthn:extension:credBlob: true, webauthn:extension:largeBlob: true, webauthn:virtualAuthenticators: true}
Session ID: 2c084ad0bdcbdc39fa4eeaf558f94183
	at java.base/jdk.internal.reflect.DirectConstructorHandleAccessor.newInstance(DirectConstructorHandleAccessor.java:67)
	at java.base/java.lang.reflect.Constructor.newInstanceWithCaller(Constructor.java:499)
	at java.base/java.lang.reflect.Constructor.newInstance(Constructor.java:483)
	at org.openqa.selenium.remote.codec.w3c.W3CHttpResponseCodec.createException(W3CHttpResponseCodec.java:191)
	at org.openqa.selenium.remote.codec.w3c.W3CHttpResponseCodec.decode(W3CHttpResponseCodec.java:125)
	at org.openqa.selenium.remote.codec.w3c.W3CHttpResponseCodec.decode(W3CHttpResponseCodec.java:52)
	at org.openqa.selenium.remote.HttpCommandExecutor.execute(HttpCommandExecutor.java:161)
	at org.openqa.selenium.remote.service.DriverCommandExecutor.execute(DriverCommandExecutor.java:83)
	at org.openqa.selenium.remote.RemoteWebDriver.execute(RemoteWebDriver.java:576)
	at org.openqa.selenium.remote.RemoteWebElement.execute(RemoteWebElement.java:308)
	at org.openqa.selenium.remote.RemoteWebElement.click(RemoteWebElement.java:83)
	at pagesOfYasasiiWeb.dental_yasassiWeb.master(dental_yasassiWeb.java:148)
	at pagesTestCasesYasasiiWeb.Dental_testcase.master(Dental_testcase.java:58)
	at java.base/jdk.internal.reflect.DirectMethodHandleAccessor.invoke(DirectMethodHandleAccessor.java:104)
	at java.base/java.lang.reflect.Method.invoke(Method.java:577)
	at org.testng.internal.MethodInvocationHelper.invokeMethod(MethodInvocationHelper.java:132)
	at org.testng.internal.TestInvoker.invokeMethod(TestInvoker.java:599)
	at org.testng.internal.TestInvoker.invokeTestMethod(TestInvoker.java:174)
	at org.testng.internal.MethodRunner.runInSequence(MethodRunner.java:46)
	at org.testng.internal.TestInvoker$MethodInvocationAgent.invoke(TestInvoker.java:822)
	at org.testng.internal.TestInvoker.invokeTestMethods(TestInvoker.java:147)
	at org.testng.internal.TestMethodWorker.invokeTestMethods(TestMethodWorker.java:146)
	at org.testng.internal.TestMethodWorker.run(TestMethodWorker.java:128)
	at java.base/java.util.ArrayList.forEach(ArrayList.java:1511)
	at org.testng.TestRunner.privateRun(TestRunner.java:764)
	at org.testng.TestRunner.run(TestRunner.java:585)
	at org.testng.SuiteRunner.runTest(SuiteRunner.java:384)
	at org.testng.SuiteRunner.runSequentially(SuiteRunner.java:378)
	at org.testng.SuiteRunner.privateRun(SuiteRunner.java:337)
	at org.testng.SuiteRunner.run(SuiteRunner.java:286)
	at org.testng.SuiteRunnerWorker.runSuite(SuiteRunnerWorker.java:53)
	at org.testng.SuiteRunnerWorker.run(SuiteRunnerWorker.java:96)
	at org.testng.TestNG.runSuitesSequentially(TestNG.java:1218)
	at org.testng.TestNG.runSuitesLocally(TestNG.java:1140)
	at org.testng.TestNG.runSuites(TestNG.java:1069)
	at org.testng.TestNG.run(TestNG.java:1037)
	at org.testng.remote.AbstractRemoteTestNG.run(AbstractRemoteTestNG.java:115)
	at org.testng.remote.RemoteTestNG.initAndRun(RemoteTestNG.java:251)
	at org.testng.remote.RemoteTestNG.main(RemoteTestNG.java:77)
</pre></div><a href='#' onClick='toggleBox("stack-trace1068754112", this, "Click to show all stack frames", "Click to hide stack frames")'>Click to show all stack frames</a>
<div class='stack-trace' id='stack-trace1068754112'><pre>org.openqa.selenium.ElementClickInterceptedException: element click intercepted: Element &lt;button _ngcontent-jfi-c38=&quot;&quot; class=&quot;btn btn-red clear&quot; type=&quot;button&quot;&gt;...&lt;/button&gt; is not clickable at point (1300, 591). Other element would receive the click: &lt;div class=&quot;menu-overlay&quot;&gt;&lt;/div&gt;
  (Session info: chrome=109.0.5414.75)
Build info: version: &apos;4.0.0-alpha-3&apos;, revision: &apos;8c567de6dc&apos;
System info: host: &apos;KI54&apos;, ip: &apos;192.168.0.54&apos;, os.name: &apos;Windows 10&apos;, os.arch: &apos;amd64&apos;, os.version: &apos;10.0&apos;, java.version: &apos;18.0.1&apos;
Driver info: org.openqa.selenium.chrome.ChromeDriver
Capabilities {acceptInsecureCerts: false, browserName: chrome, browserVersion: 109.0.5414.75, chrome: {chromedriverVersion: 109.0.5414.74 (e7c5703604da..., userDataDir: C:\Users\sriram\AppData\Loc...}, goog:chromeOptions: {debuggerAddress: localhost:59829}, javascriptEnabled: true, networkConnectionEnabled: false, pageLoadStrategy: normal, platform: WINDOWS, platformName: WINDOWS, proxy: Proxy(), setWindowRect: true, strictFileInteractability: false, timeouts: {implicit: 0, pageLoad: 300000, script: 30000}, unhandledPromptBehavior: dismiss and notify, webauthn:extension:credBlob: true, webauthn:extension:largeBlob: true, webauthn:virtualAuthenticators: true}
Session ID: 2c084ad0bdcbdc39fa4eeaf558f94183
	at java.base/jdk.internal.reflect.DirectConstructorHandleAccessor.newInstance(DirectConstructorHandleAccessor.java:67)
	at java.base/java.lang.reflect.Constructor.newInstanceWithCaller(Constructor.java:499)
	at java.base/java.lang.reflect.Constructor.newInstance(Constructor.java:483)
	at org.openqa.selenium.remote.codec.w3c.W3CHttpResponseCodec.createException(W3CHttpResponseCodec.java:191)
	at org.openqa.selenium.remote.codec.w3c.W3CHttpResponseCodec.decode(W3CHttpResponseCodec.java:125)
	at org.openqa.selenium.remote.codec.w3c.W3CHttpResponseCodec.decode(W3CHttpResponseCodec.java:52)
	at org.openqa.selenium.remote.HttpCommandExecutor.execute(HttpCommandExecutor.java:161)
	at org.openqa.selenium.remote.service.DriverCommandExecutor.execute(DriverCommandExecutor.java:83)
	at org.openqa.selenium.remote.RemoteWebDriver.execute(RemoteWebDriver.java:576)
	at org.openqa.selenium.remote.RemoteWebElement.execute(RemoteWebElement.java:308)
	at org.openqa.selenium.remote.RemoteWebElement.click(RemoteWebElement.java:83)
	at pagesOfYasasiiWeb.dental_yasassiWeb.master(dental_yasassiWeb.java:148)
	at pagesTestCasesYasasiiWeb.Dental_testcase.master(Dental_testcase.java:58)
	at java.base/jdk.internal.reflect.DirectMethodHandleAccessor.invoke(DirectMethodHandleAccessor.java:104)
	at java.base/java.lang.reflect.Method.invoke(Method.java:577)
	at org.testng.internal.MethodInvocationHelper.invokeMethod(MethodInvocationHelper.java:132)
	at org.testng.internal.TestInvoker.invokeMethod(TestInvoker.java:599)
	at org.testng.internal.TestInvoker.invokeTestMethod(TestInvoker.java:174)
	at org.testng.internal.MethodRunner.runInSequence(MethodRunner.java:46)
	at org.testng.internal.TestInvoker$MethodInvocationAgent.invoke(TestInvoker.java:822)
	at org.testng.internal.TestInvoker.invokeTestMethods(TestInvoker.java:147)
	at org.testng.internal.TestMethodWorker.invokeTestMethods(TestMethodWorker.java:146)
	at org.testng.internal.TestMethodWorker.run(TestMethodWorker.java:128)
	at java.base/java.util.ArrayList.forEach(ArrayList.java:1511)
	at org.testng.TestRunner.privateRun(TestRunner.java:764)
	at org.testng.TestRunner.run(TestRunner.java:585)
	at org.testng.SuiteRunner.runTest(SuiteRunner.java:384)
	at org.testng.SuiteRunner.runSequentially(SuiteRunner.java:378)
	at org.testng.SuiteRunner.privateRun(SuiteRunner.java:337)
	at org.testng.SuiteRunner.run(SuiteRunner.java:286)
	at org.testng.SuiteRunnerWorker.runSuite(SuiteRunnerWorker.java:53)
	at org.testng.SuiteRunnerWorker.run(SuiteRunnerWorker.java:96)
	at org.testng.TestNG.runSuitesSequentially(TestNG.java:1218)
	at org.testng.TestNG.runSuitesLocally(TestNG.java:1140)
	at org.testng.TestNG.runSuites(TestNG.java:1069)
	at org.testng.TestNG.run(TestNG.java:1037)
	at org.testng.remote.AbstractRemoteTestNG.run(AbstractRemoteTestNG.java:115)
	at org.testng.remote.RemoteTestNG.initAndRun(RemoteTestNG.java:251)
	at org.testng.remote.RemoteTestNG.main(RemoteTestNG.java:77)
</pre></div></td>
<td>3</td>
<td>pagesTestCasesYasasiiWeb.Dental_testcase@60d1a32f</td></tr>
<tr>
<td title='pagesTestCasesYasasiiWeb.Dental_testcase.master()'><b>master</b><br>Test class: pagesTestCasesYasasiiWeb.Dental_testcase<br>Parameters: , , , , , </td>
<td><div><pre>org.openqa.selenium.ElementClickInterceptedException: element click intercepted: Element &lt;button _ngcontent-jfi-c38=&quot;&quot; class=&quot;btn btn-red clear&quot; type=&quot;button&quot;&gt;...&lt;/button&gt; is not clickable at point (1300, 591). Other element would receive the click: &lt;div class=&quot;menu-overlay&quot;&gt;&lt;/div&gt;
  (Session info: chrome=109.0.5414.75)
Build info: version: &apos;4.0.0-alpha-3&apos;, revision: &apos;8c567de6dc&apos;
System info: host: &apos;KI54&apos;, ip: &apos;192.168.0.54&apos;, os.name: &apos;Windows 10&apos;, os.arch: &apos;amd64&apos;, os.version: &apos;10.0&apos;, java.version: &apos;18.0.1&apos;
Driver info: org.openqa.selenium.chrome.ChromeDriver
Capabilities {acceptInsecureCerts: false, browserName: chrome, browserVersion: 109.0.5414.75, chrome: {chromedriverVersion: 109.0.5414.74 (e7c5703604da..., userDataDir: C:\Users\sriram\AppData\Loc...}, goog:chromeOptions: {debuggerAddress: localhost:59829}, javascriptEnabled: true, networkConnectionEnabled: false, pageLoadStrategy: normal, platform: WINDOWS, platformName: WINDOWS, proxy: Proxy(), setWindowRect: true, strictFileInteractability: false, timeouts: {implicit: 0, pageLoad: 300000, script: 30000}, unhandledPromptBehavior: dismiss and notify, webauthn:extension:credBlob: true, webauthn:extension:largeBlob: true, webauthn:virtualAuthenticators: true}
Session ID: 2c084ad0bdcbdc39fa4eeaf558f94183
	at java.base/jdk.internal.reflect.DirectConstructorHandleAccessor.newInstance(DirectConstructorHandleAccessor.java:67)
	at java.base/java.lang.reflect.Constructor.newInstanceWithCaller(Constructor.java:499)
	at java.base/java.lang.reflect.Constructor.newInstance(Constructor.java:483)
	at org.openqa.selenium.remote.codec.w3c.W3CHttpResponseCodec.createException(W3CHttpResponseCodec.java:191)
	at org.openqa.selenium.remote.codec.w3c.W3CHttpResponseCodec.decode(W3CHttpResponseCodec.java:125)
	at org.openqa.selenium.remote.codec.w3c.W3CHttpResponseCodec.decode(W3CHttpResponseCodec.java:52)
	at org.openqa.selenium.remote.HttpCommandExecutor.execute(HttpCommandExecutor.java:161)
	at org.openqa.selenium.remote.service.DriverCommandExecutor.execute(DriverCommandExecutor.java:83)
	at org.openqa.selenium.remote.RemoteWebDriver.execute(RemoteWebDriver.java:576)
	at org.openqa.selenium.remote.RemoteWebElement.execute(RemoteWebElement.java:308)
	at org.openqa.selenium.remote.RemoteWebElement.click(RemoteWebElement.java:83)
	at pagesOfYasasiiWeb.dental_yasassiWeb.master(dental_yasassiWeb.java:148)
	at pagesTestCasesYasasiiWeb.Dental_testcase.master(Dental_testcase.java:58)
	at java.base/jdk.internal.reflect.DirectMethodHandleAccessor.invoke(DirectMethodHandleAccessor.java:104)
	at java.base/java.lang.reflect.Method.invoke(Method.java:577)
	at org.testng.internal.MethodInvocationHelper.invokeMethod(MethodInvocationHelper.java:132)
	at org.testng.internal.TestInvoker.invokeMethod(TestInvoker.java:599)
	at org.testng.internal.TestInvoker.invokeTestMethod(TestInvoker.java:174)
	at org.testng.internal.MethodRunner.runInSequence(MethodRunner.java:46)
	at org.testng.internal.TestInvoker$MethodInvocationAgent.invoke(TestInvoker.java:822)
	at org.testng.internal.TestInvoker.invokeTestMethods(TestInvoker.java:147)
	at org.testng.internal.TestMethodWorker.invokeTestMethods(TestMethodWorker.java:146)
	at org.testng.internal.TestMethodWorker.run(TestMethodWorker.java:128)
	at java.base/java.util.ArrayList.forEach(ArrayList.java:1511)
	at org.testng.TestRunner.privateRun(TestRunner.java:764)
	at org.testng.TestRunner.run(TestRunner.java:585)
	at org.testng.SuiteRunner.runTest(SuiteRunner.java:384)
	at org.testng.SuiteRunner.runSequentially(SuiteRunner.java:378)
	at org.testng.SuiteRunner.privateRun(SuiteRunner.java:337)
	at org.testng.SuiteRunner.run(SuiteRunner.java:286)
	at org.testng.SuiteRunnerWorker.runSuite(SuiteRunnerWorker.java:53)
	at org.testng.SuiteRunnerWorker.run(SuiteRunnerWorker.java:96)
	at org.testng.TestNG.runSuitesSequentially(TestNG.java:1218)
	at org.testng.TestNG.runSuitesLocally(TestNG.java:1140)
	at org.testng.TestNG.runSuites(TestNG.java:1069)
	at org.testng.TestNG.run(TestNG.java:1037)
	at org.testng.remote.AbstractRemoteTestNG.run(AbstractRemoteTestNG.java:115)
	at org.testng.remote.RemoteTestNG.initAndRun(RemoteTestNG.java:251)
	at org.testng.remote.RemoteTestNG.main(RemoteTestNG.java:77)
</pre></div><a href='#' onClick='toggleBox("stack-trace1079528191", this, "Click to show all stack frames", "Click to hide stack frames")'>Click to show all stack frames</a>
<div class='stack-trace' id='stack-trace1079528191'><pre>org.openqa.selenium.ElementClickInterceptedException: element click intercepted: Element &lt;button _ngcontent-jfi-c38=&quot;&quot; class=&quot;btn btn-red clear&quot; type=&quot;button&quot;&gt;...&lt;/button&gt; is not clickable at point (1300, 591). Other element would receive the click: &lt;div class=&quot;menu-overlay&quot;&gt;&lt;/div&gt;
  (Session info: chrome=109.0.5414.75)
Build info: version: &apos;4.0.0-alpha-3&apos;, revision: &apos;8c567de6dc&apos;
System info: host: &apos;KI54&apos;, ip: &apos;192.168.0.54&apos;, os.name: &apos;Windows 10&apos;, os.arch: &apos;amd64&apos;, os.version: &apos;10.0&apos;, java.version: &apos;18.0.1&apos;
Driver info: org.openqa.selenium.chrome.ChromeDriver
Capabilities {acceptInsecureCerts: false, browserName: chrome, browserVersion: 109.0.5414.75, chrome: {chromedriverVersion: 109.0.5414.74 (e7c5703604da..., userDataDir: C:\Users\sriram\AppData\Loc...}, goog:chromeOptions: {debuggerAddress: localhost:59829}, javascriptEnabled: true, networkConnectionEnabled: false, pageLoadStrategy: normal, platform: WINDOWS, platformName: WINDOWS, proxy: Proxy(), setWindowRect: true, strictFileInteractability: false, timeouts: {implicit: 0, pageLoad: 300000, script: 30000}, unhandledPromptBehavior: dismiss and notify, webauthn:extension:credBlob: true, webauthn:extension:largeBlob: true, webauthn:virtualAuthenticators: true}
Session ID: 2c084ad0bdcbdc39fa4eeaf558f94183
	at java.base/jdk.internal.reflect.DirectConstructorHandleAccessor.newInstance(DirectConstructorHandleAccessor.java:67)
	at java.base/java.lang.reflect.Constructor.newInstanceWithCaller(Constructor.java:499)
	at java.base/java.lang.reflect.Constructor.newInstance(Constructor.java:483)
	at org.openqa.selenium.remote.codec.w3c.W3CHttpResponseCodec.createException(W3CHttpResponseCodec.java:191)
	at org.openqa.selenium.remote.codec.w3c.W3CHttpResponseCodec.decode(W3CHttpResponseCodec.java:125)
	at org.openqa.selenium.remote.codec.w3c.W3CHttpResponseCodec.decode(W3CHttpResponseCodec.java:52)
	at org.openqa.selenium.remote.HttpCommandExecutor.execute(HttpCommandExecutor.java:161)
	at org.openqa.selenium.remote.service.DriverCommandExecutor.execute(DriverCommandExecutor.java:83)
	at org.openqa.selenium.remote.RemoteWebDriver.execute(RemoteWebDriver.java:576)
	at org.openqa.selenium.remote.RemoteWebElement.execute(RemoteWebElement.java:308)
	at org.openqa.selenium.remote.RemoteWebElement.click(RemoteWebElement.java:83)
	at pagesOfYasasiiWeb.dental_yasassiWeb.master(dental_yasassiWeb.java:148)
	at pagesTestCasesYasasiiWeb.Dental_testcase.master(Dental_testcase.java:58)
	at java.base/jdk.internal.reflect.DirectMethodHandleAccessor.invoke(DirectMethodHandleAccessor.java:104)
	at java.base/java.lang.reflect.Method.invoke(Method.java:577)
	at org.testng.internal.MethodInvocationHelper.invokeMethod(MethodInvocationHelper.java:132)
	at org.testng.internal.TestInvoker.invokeMethod(TestInvoker.java:599)
	at org.testng.internal.TestInvoker.invokeTestMethod(TestInvoker.java:174)
	at org.testng.internal.MethodRunner.runInSequence(MethodRunner.java:46)
	at org.testng.internal.TestInvoker$MethodInvocationAgent.invoke(TestInvoker.java:822)
	at org.testng.internal.TestInvoker.invokeTestMethods(TestInvoker.java:147)
	at org.testng.internal.TestMethodWorker.invokeTestMethods(TestMethodWorker.java:146)
	at org.testng.internal.TestMethodWorker.run(TestMethodWorker.java:128)
	at java.base/java.util.ArrayList.forEach(ArrayList.java:1511)
	at org.testng.TestRunner.privateRun(TestRunner.java:764)
	at org.testng.TestRunner.run(TestRunner.java:585)
	at org.testng.SuiteRunner.runTest(SuiteRunner.java:384)
	at org.testng.SuiteRunner.runSequentially(SuiteRunner.java:378)
	at org.testng.SuiteRunner.privateRun(SuiteRunner.java:337)
	at org.testng.SuiteRunner.run(SuiteRunner.java:286)
	at org.testng.SuiteRunnerWorker.runSuite(SuiteRunnerWorker.java:53)
	at org.testng.SuiteRunnerWorker.run(SuiteRunnerWorker.java:96)
	at org.testng.TestNG.runSuitesSequentially(TestNG.java:1218)
	at org.testng.TestNG.runSuitesLocally(TestNG.java:1140)
	at org.testng.TestNG.runSuites(TestNG.java:1069)
	at org.testng.TestNG.run(TestNG.java:1037)
	at org.testng.remote.AbstractRemoteTestNG.run(AbstractRemoteTestNG.java:115)
	at org.testng.remote.RemoteTestNG.initAndRun(RemoteTestNG.java:251)
	at org.testng.remote.RemoteTestNG.main(RemoteTestNG.java:77)
</pre></div></td>
<td>3</td>
<td>pagesTestCasesYasasiiWeb.Dental_testcase@60d1a32f</td></tr>
<tr>
<td title='pagesTestCasesYasasiiWeb.Dental_testcase.master()'><b>master</b><br>Test class: pagesTestCasesYasasiiWeb.Dental_testcase<br>Parameters: , , , , , </td>
<td><div><pre>org.openqa.selenium.ElementClickInterceptedException: element click intercepted: Element &lt;button _ngcontent-jfi-c38=&quot;&quot; class=&quot;btn btn-red clear&quot; type=&quot;button&quot;&gt;...&lt;/button&gt; is not clickable at point (1300, 591). Other element would receive the click: &lt;div class=&quot;menu-overlay&quot;&gt;&lt;/div&gt;
  (Session info: chrome=109.0.5414.75)
Build info: version: &apos;4.0.0-alpha-3&apos;, revision: &apos;8c567de6dc&apos;
System info: host: &apos;KI54&apos;, ip: &apos;192.168.0.54&apos;, os.name: &apos;Windows 10&apos;, os.arch: &apos;amd64&apos;, os.version: &apos;10.0&apos;, java.version: &apos;18.0.1&apos;
Driver info: org.openqa.selenium.chrome.ChromeDriver
Capabilities {acceptInsecureCerts: false, browserName: chrome, browserVersion: 109.0.5414.75, chrome: {chromedriverVersion: 109.0.5414.74 (e7c5703604da..., userDataDir: C:\Users\sriram\AppData\Loc...}, goog:chromeOptions: {debuggerAddress: localhost:59829}, javascriptEnabled: true, networkConnectionEnabled: false, pageLoadStrategy: normal, platform: WINDOWS, platformName: WINDOWS, proxy: Proxy(), setWindowRect: true, strictFileInteractability: false, timeouts: {implicit: 0, pageLoad: 300000, script: 30000}, unhandledPromptBehavior: dismiss and notify, webauthn:extension:credBlob: true, webauthn:extension:largeBlob: true, webauthn:virtualAuthenticators: true}
Session ID: 2c084ad0bdcbdc39fa4eeaf558f94183
	at java.base/jdk.internal.reflect.DirectConstructorHandleAccessor.newInstance(DirectConstructorHandleAccessor.java:67)
	at java.base/java.lang.reflect.Constructor.newInstanceWithCaller(Constructor.java:499)
	at java.base/java.lang.reflect.Constructor.newInstance(Constructor.java:483)
	at org.openqa.selenium.remote.codec.w3c.W3CHttpResponseCodec.createException(W3CHttpResponseCodec.java:191)
	at org.openqa.selenium.remote.codec.w3c.W3CHttpResponseCodec.decode(W3CHttpResponseCodec.java:125)
	at org.openqa.selenium.remote.codec.w3c.W3CHttpResponseCodec.decode(W3CHttpResponseCodec.java:52)
	at org.openqa.selenium.remote.HttpCommandExecutor.execute(HttpCommandExecutor.java:161)
	at org.openqa.selenium.remote.service.DriverCommandExecutor.execute(DriverCommandExecutor.java:83)
	at org.openqa.selenium.remote.RemoteWebDriver.execute(RemoteWebDriver.java:576)
	at org.openqa.selenium.remote.RemoteWebElement.execute(RemoteWebElement.java:308)
	at org.openqa.selenium.remote.RemoteWebElement.click(RemoteWebElement.java:83)
	at pagesOfYasasiiWeb.dental_yasassiWeb.master(dental_yasassiWeb.java:148)
	at pagesTestCasesYasasiiWeb.Dental_testcase.master(Dental_testcase.java:58)
	at java.base/jdk.internal.reflect.DirectMethodHandleAccessor.invoke(DirectMethodHandleAccessor.java:104)
	at java.base/java.lang.reflect.Method.invoke(Method.java:577)
	at org.testng.internal.MethodInvocationHelper.invokeMethod(MethodInvocationHelper.java:132)
	at org.testng.internal.TestInvoker.invokeMethod(TestInvoker.java:599)
	at org.testng.internal.TestInvoker.invokeTestMethod(TestInvoker.java:174)
	at org.testng.internal.MethodRunner.runInSequence(MethodRunner.java:46)
	at org.testng.internal.TestInvoker$MethodInvocationAgent.invoke(TestInvoker.java:822)
	at org.testng.internal.TestInvoker.invokeTestMethods(TestInvoker.java:147)
	at org.testng.internal.TestMethodWorker.invokeTestMethods(TestMethodWorker.java:146)
	at org.testng.internal.TestMethodWorker.run(TestMethodWorker.java:128)
	at java.base/java.util.ArrayList.forEach(ArrayList.java:1511)
	at org.testng.TestRunner.privateRun(TestRunner.java:764)
	at org.testng.TestRunner.run(TestRunner.java:585)
	at org.testng.SuiteRunner.runTest(SuiteRunner.java:384)
	at org.testng.SuiteRunner.runSequentially(SuiteRunner.java:378)
	at org.testng.SuiteRunner.privateRun(SuiteRunner.java:337)
	at org.testng.SuiteRunner.run(SuiteRunner.java:286)
	at org.testng.SuiteRunnerWorker.runSuite(SuiteRunnerWorker.java:53)
	at org.testng.SuiteRunnerWorker.run(SuiteRunnerWorker.java:96)
	at org.testng.TestNG.runSuitesSequentially(TestNG.java:1218)
	at org.testng.TestNG.runSuitesLocally(TestNG.java:1140)
	at org.testng.TestNG.runSuites(TestNG.java:1069)
	at org.testng.TestNG.run(TestNG.java:1037)
	at org.testng.remote.AbstractRemoteTestNG.run(AbstractRemoteTestNG.java:115)
	at org.testng.remote.RemoteTestNG.initAndRun(RemoteTestNG.java:251)
	at org.testng.remote.RemoteTestNG.main(RemoteTestNG.java:77)
</pre></div><a href='#' onClick='toggleBox("stack-trace2017733570", this, "Click to show all stack frames", "Click to hide stack frames")'>Click to show all stack frames</a>
<div class='stack-trace' id='stack-trace2017733570'><pre>org.openqa.selenium.ElementClickInterceptedException: element click intercepted: Element &lt;button _ngcontent-jfi-c38=&quot;&quot; class=&quot;btn btn-red clear&quot; type=&quot;button&quot;&gt;...&lt;/button&gt; is not clickable at point (1300, 591). Other element would receive the click: &lt;div class=&quot;menu-overlay&quot;&gt;&lt;/div&gt;
  (Session info: chrome=109.0.5414.75)
Build info: version: &apos;4.0.0-alpha-3&apos;, revision: &apos;8c567de6dc&apos;
System info: host: &apos;KI54&apos;, ip: &apos;192.168.0.54&apos;, os.name: &apos;Windows 10&apos;, os.arch: &apos;amd64&apos;, os.version: &apos;10.0&apos;, java.version: &apos;18.0.1&apos;
Driver info: org.openqa.selenium.chrome.ChromeDriver
Capabilities {acceptInsecureCerts: false, browserName: chrome, browserVersion: 109.0.5414.75, chrome: {chromedriverVersion: 109.0.5414.74 (e7c5703604da..., userDataDir: C:\Users\sriram\AppData\Loc...}, goog:chromeOptions: {debuggerAddress: localhost:59829}, javascriptEnabled: true, networkConnectionEnabled: false, pageLoadStrategy: normal, platform: WINDOWS, platformName: WINDOWS, proxy: Proxy(), setWindowRect: true, strictFileInteractability: false, timeouts: {implicit: 0, pageLoad: 300000, script: 30000}, unhandledPromptBehavior: dismiss and notify, webauthn:extension:credBlob: true, webauthn:extension:largeBlob: true, webauthn:virtualAuthenticators: true}
Session ID: 2c084ad0bdcbdc39fa4eeaf558f94183
	at java.base/jdk.internal.reflect.DirectConstructorHandleAccessor.newInstance(DirectConstructorHandleAccessor.java:67)
	at java.base/java.lang.reflect.Constructor.newInstanceWithCaller(Constructor.java:499)
	at java.base/java.lang.reflect.Constructor.newInstance(Constructor.java:483)
	at org.openqa.selenium.remote.codec.w3c.W3CHttpResponseCodec.createException(W3CHttpResponseCodec.java:191)
	at org.openqa.selenium.remote.codec.w3c.W3CHttpResponseCodec.decode(W3CHttpResponseCodec.java:125)
	at org.openqa.selenium.remote.codec.w3c.W3CHttpResponseCodec.decode(W3CHttpResponseCodec.java:52)
	at org.openqa.selenium.remote.HttpCommandExecutor.execute(HttpCommandExecutor.java:161)
	at org.openqa.selenium.remote.service.DriverCommandExecutor.execute(DriverCommandExecutor.java:83)
	at org.openqa.selenium.remote.RemoteWebDriver.execute(RemoteWebDriver.java:576)
	at org.openqa.selenium.remote.RemoteWebElement.execute(RemoteWebElement.java:308)
	at org.openqa.selenium.remote.RemoteWebElement.click(RemoteWebElement.java:83)
	at pagesOfYasasiiWeb.dental_yasassiWeb.master(dental_yasassiWeb.java:148)
	at pagesTestCasesYasasiiWeb.Dental_testcase.master(Dental_testcase.java:58)
	at java.base/jdk.internal.reflect.DirectMethodHandleAccessor.invoke(DirectMethodHandleAccessor.java:104)
	at java.base/java.lang.reflect.Method.invoke(Method.java:577)
	at org.testng.internal.MethodInvocationHelper.invokeMethod(MethodInvocationHelper.java:132)
	at org.testng.internal.TestInvoker.invokeMethod(TestInvoker.java:599)
	at org.testng.internal.TestInvoker.invokeTestMethod(TestInvoker.java:174)
	at org.testng.internal.MethodRunner.runInSequence(MethodRunner.java:46)
	at org.testng.internal.TestInvoker$MethodInvocationAgent.invoke(TestInvoker.java:822)
	at org.testng.internal.TestInvoker.invokeTestMethods(TestInvoker.java:147)
	at org.testng.internal.TestMethodWorker.invokeTestMethods(TestMethodWorker.java:146)
	at org.testng.internal.TestMethodWorker.run(TestMethodWorker.java:128)
	at java.base/java.util.ArrayList.forEach(ArrayList.java:1511)
	at org.testng.TestRunner.privateRun(TestRunner.java:764)
	at org.testng.TestRunner.run(TestRunner.java:585)
	at org.testng.SuiteRunner.runTest(SuiteRunner.java:384)
	at org.testng.SuiteRunner.runSequentially(SuiteRunner.java:378)
	at org.testng.SuiteRunner.privateRun(SuiteRunner.java:337)
	at org.testng.SuiteRunner.run(SuiteRunner.java:286)
	at org.testng.SuiteRunnerWorker.runSuite(SuiteRunnerWorker.java:53)
	at org.testng.SuiteRunnerWorker.run(SuiteRunnerWorker.java:96)
	at org.testng.TestNG.runSuitesSequentially(TestNG.java:1218)
	at org.testng.TestNG.runSuitesLocally(TestNG.java:1140)
	at org.testng.TestNG.runSuites(TestNG.java:1069)
	at org.testng.TestNG.run(TestNG.java:1037)
	at org.testng.remote.AbstractRemoteTestNG.run(AbstractRemoteTestNG.java:115)
	at org.testng.remote.RemoteTestNG.initAndRun(RemoteTestNG.java:251)
	at org.testng.remote.RemoteTestNG.main(RemoteTestNG.java:77)
</pre></div></td>
<td>3</td>
<td>pagesTestCasesYasasiiWeb.Dental_testcase@60d1a32f</td></tr>
<tr>
<td title='pagesTestCasesYasasiiWeb.Dental_testcase.master()'><b>master</b><br>Test class: pagesTestCasesYasasiiWeb.Dental_testcase<br>Parameters: , , , , , </td>
<td><div><pre>org.openqa.selenium.ElementClickInterceptedException: element click intercepted: Element &lt;button _ngcontent-jfi-c38=&quot;&quot; class=&quot;btn btn-red clear&quot; type=&quot;button&quot;&gt;...&lt;/button&gt; is not clickable at point (1300, 591). Other element would receive the click: &lt;div class=&quot;menu-overlay&quot;&gt;&lt;/div&gt;
  (Session info: chrome=109.0.5414.75)
Build info: version: &apos;4.0.0-alpha-3&apos;, revision: &apos;8c567de6dc&apos;
System info: host: &apos;KI54&apos;, ip: &apos;192.168.0.54&apos;, os.name: &apos;Windows 10&apos;, os.arch: &apos;amd64&apos;, os.version: &apos;10.0&apos;, java.version: &apos;18.0.1&apos;
Driver info: org.openqa.selenium.chrome.ChromeDriver
Capabilities {acceptInsecureCerts: false, browserName: chrome, browserVersion: 109.0.5414.75, chrome: {chromedriverVersion: 109.0.5414.74 (e7c5703604da..., userDataDir: C:\Users\sriram\AppData\Loc...}, goog:chromeOptions: {debuggerAddress: localhost:59829}, javascriptEnabled: true, networkConnectionEnabled: false, pageLoadStrategy: normal, platform: WINDOWS, platformName: WINDOWS, proxy: Proxy(), setWindowRect: true, strictFileInteractability: false, timeouts: {implicit: 0, pageLoad: 300000, script: 30000}, unhandledPromptBehavior: dismiss and notify, webauthn:extension:credBlob: true, webauthn:extension:largeBlob: true, webauthn:virtualAuthenticators: true}
Session ID: 2c084ad0bdcbdc39fa4eeaf558f94183
	at java.base/jdk.internal.reflect.DirectConstructorHandleAccessor.newInstance(DirectConstructorHandleAccessor.java:67)
	at java.base/java.lang.reflect.Constructor.newInstanceWithCaller(Constructor.java:499)
	at java.base/java.lang.reflect.Constructor.newInstance(Constructor.java:483)
	at org.openqa.selenium.remote.codec.w3c.W3CHttpResponseCodec.createException(W3CHttpResponseCodec.java:191)
	at org.openqa.selenium.remote.codec.w3c.W3CHttpResponseCodec.decode(W3CHttpResponseCodec.java:125)
	at org.openqa.selenium.remote.codec.w3c.W3CHttpResponseCodec.decode(W3CHttpResponseCodec.java:52)
	at org.openqa.selenium.remote.HttpCommandExecutor.execute(HttpCommandExecutor.java:161)
	at org.openqa.selenium.remote.service.DriverCommandExecutor.execute(DriverCommandExecutor.java:83)
	at org.openqa.selenium.remote.RemoteWebDriver.execute(RemoteWebDriver.java:576)
	at org.openqa.selenium.remote.RemoteWebElement.execute(RemoteWebElement.java:308)
	at org.openqa.selenium.remote.RemoteWebElement.click(RemoteWebElement.java:83)
	at pagesOfYasasiiWeb.dental_yasassiWeb.master(dental_yasassiWeb.java:148)
	at pagesTestCasesYasasiiWeb.Dental_testcase.master(Dental_testcase.java:58)
	at java.base/jdk.internal.reflect.DirectMethodHandleAccessor.invoke(DirectMethodHandleAccessor.java:104)
	at java.base/java.lang.reflect.Method.invoke(Method.java:577)
	at org.testng.internal.MethodInvocationHelper.invokeMethod(MethodInvocationHelper.java:132)
	at org.testng.internal.TestInvoker.invokeMethod(TestInvoker.java:599)
	at org.testng.internal.TestInvoker.invokeTestMethod(TestInvoker.java:174)
	at org.testng.internal.MethodRunner.runInSequence(MethodRunner.java:46)
	at org.testng.internal.TestInvoker$MethodInvocationAgent.invoke(TestInvoker.java:822)
	at org.testng.internal.TestInvoker.invokeTestMethods(TestInvoker.java:147)
	at org.testng.internal.TestMethodWorker.invokeTestMethods(TestMethodWorker.java:146)
	at org.testng.internal.TestMethodWorker.run(TestMethodWorker.java:128)
	at java.base/java.util.ArrayList.forEach(ArrayList.java:1511)
	at org.testng.TestRunner.privateRun(TestRunner.java:764)
	at org.testng.TestRunner.run(TestRunner.java:585)
	at org.testng.SuiteRunner.runTest(SuiteRunner.java:384)
	at org.testng.SuiteRunner.runSequentially(SuiteRunner.java:378)
	at org.testng.SuiteRunner.privateRun(SuiteRunner.java:337)
	at org.testng.SuiteRunner.run(SuiteRunner.java:286)
	at org.testng.SuiteRunnerWorker.runSuite(SuiteRunnerWorker.java:53)
	at org.testng.SuiteRunnerWorker.run(SuiteRunnerWorker.java:96)
	at org.testng.TestNG.runSuitesSequentially(TestNG.java:1218)
	at org.testng.TestNG.runSuitesLocally(TestNG.java:1140)
	at org.testng.TestNG.runSuites(TestNG.java:1069)
	at org.testng.TestNG.run(TestNG.java:1037)
	at org.testng.remote.AbstractRemoteTestNG.run(AbstractRemoteTestNG.java:115)
	at org.testng.remote.RemoteTestNG.initAndRun(RemoteTestNG.java:251)
	at org.testng.remote.RemoteTestNG.main(RemoteTestNG.java:77)
</pre></div><a href='#' onClick='toggleBox("stack-trace1027706423", this, "Click to show all stack frames", "Click to hide stack frames")'>Click to show all stack frames</a>
<div class='stack-trace' id='stack-trace1027706423'><pre>org.openqa.selenium.ElementClickInterceptedException: element click intercepted: Element &lt;button _ngcontent-jfi-c38=&quot;&quot; class=&quot;btn btn-red clear&quot; type=&quot;button&quot;&gt;...&lt;/button&gt; is not clickable at point (1300, 591). Other element would receive the click: &lt;div class=&quot;menu-overlay&quot;&gt;&lt;/div&gt;
  (Session info: chrome=109.0.5414.75)
Build info: version: &apos;4.0.0-alpha-3&apos;, revision: &apos;8c567de6dc&apos;
System info: host: &apos;KI54&apos;, ip: &apos;192.168.0.54&apos;, os.name: &apos;Windows 10&apos;, os.arch: &apos;amd64&apos;, os.version: &apos;10.0&apos;, java.version: &apos;18.0.1&apos;
Driver info: org.openqa.selenium.chrome.ChromeDriver
Capabilities {acceptInsecureCerts: false, browserName: chrome, browserVersion: 109.0.5414.75, chrome: {chromedriverVersion: 109.0.5414.74 (e7c5703604da..., userDataDir: C:\Users\sriram\AppData\Loc...}, goog:chromeOptions: {debuggerAddress: localhost:59829}, javascriptEnabled: true, networkConnectionEnabled: false, pageLoadStrategy: normal, platform: WINDOWS, platformName: WINDOWS, proxy: Proxy(), setWindowRect: true, strictFileInteractability: false, timeouts: {implicit: 0, pageLoad: 300000, script: 30000}, unhandledPromptBehavior: dismiss and notify, webauthn:extension:credBlob: true, webauthn:extension:largeBlob: true, webauthn:virtualAuthenticators: true}
Session ID: 2c084ad0bdcbdc39fa4eeaf558f94183
	at java.base/jdk.internal.reflect.DirectConstructorHandleAccessor.newInstance(DirectConstructorHandleAccessor.java:67)
	at java.base/java.lang.reflect.Constructor.newInstanceWithCaller(Constructor.java:499)
	at java.base/java.lang.reflect.Constructor.newInstance(Constructor.java:483)
	at org.openqa.selenium.remote.codec.w3c.W3CHttpResponseCodec.createException(W3CHttpResponseCodec.java:191)
	at org.openqa.selenium.remote.codec.w3c.W3CHttpResponseCodec.decode(W3CHttpResponseCodec.java:125)
	at org.openqa.selenium.remote.codec.w3c.W3CHttpResponseCodec.decode(W3CHttpResponseCodec.java:52)
	at org.openqa.selenium.remote.HttpCommandExecutor.execute(HttpCommandExecutor.java:161)
	at org.openqa.selenium.remote.service.DriverCommandExecutor.execute(DriverCommandExecutor.java:83)
	at org.openqa.selenium.remote.RemoteWebDriver.execute(RemoteWebDriver.java:576)
	at org.openqa.selenium.remote.RemoteWebElement.execute(RemoteWebElement.java:308)
	at org.openqa.selenium.remote.RemoteWebElement.click(RemoteWebElement.java:83)
	at pagesOfYasasiiWeb.dental_yasassiWeb.master(dental_yasassiWeb.java:148)
	at pagesTestCasesYasasiiWeb.Dental_testcase.master(Dental_testcase.java:58)
	at java.base/jdk.internal.reflect.DirectMethodHandleAccessor.invoke(DirectMethodHandleAccessor.java:104)
	at java.base/java.lang.reflect.Method.invoke(Method.java:577)
	at org.testng.internal.MethodInvocationHelper.invokeMethod(MethodInvocationHelper.java:132)
	at org.testng.internal.TestInvoker.invokeMethod(TestInvoker.java:599)
	at org.testng.internal.TestInvoker.invokeTestMethod(TestInvoker.java:174)
	at org.testng.internal.MethodRunner.runInSequence(MethodRunner.java:46)
	at org.testng.internal.TestInvoker$MethodInvocationAgent.invoke(TestInvoker.java:822)
	at org.testng.internal.TestInvoker.invokeTestMethods(TestInvoker.java:147)
	at org.testng.internal.TestMethodWorker.invokeTestMethods(TestMethodWorker.java:146)
	at org.testng.internal.TestMethodWorker.run(TestMethodWorker.java:128)
	at java.base/java.util.ArrayList.forEach(ArrayList.java:1511)
	at org.testng.TestRunner.privateRun(TestRunner.java:764)
	at org.testng.TestRunner.run(TestRunner.java:585)
	at org.testng.SuiteRunner.runTest(SuiteRunner.java:384)
	at org.testng.SuiteRunner.runSequentially(SuiteRunner.java:378)
	at org.testng.SuiteRunner.privateRun(SuiteRunner.java:337)
	at org.testng.SuiteRunner.run(SuiteRunner.java:286)
	at org.testng.SuiteRunnerWorker.runSuite(SuiteRunnerWorker.java:53)
	at org.testng.SuiteRunnerWorker.run(SuiteRunnerWorker.java:96)
	at org.testng.TestNG.runSuitesSequentially(TestNG.java:1218)
	at org.testng.TestNG.runSuitesLocally(TestNG.java:1140)
	at org.testng.TestNG.runSuites(TestNG.java:1069)
	at org.testng.TestNG.run(TestNG.java:1037)
	at org.testng.remote.AbstractRemoteTestNG.run(AbstractRemoteTestNG.java:115)
	at org.testng.remote.RemoteTestNG.initAndRun(RemoteTestNG.java:251)
	at org.testng.remote.RemoteTestNG.main(RemoteTestNG.java:77)
</pre></div></td>
<td>3</td>
<td>pagesTestCasesYasasiiWeb.Dental_testcase@60d1a32f</td></tr>
<tr>
<td title='pagesTestCasesYasasiiWeb.Dental_testcase.master()'><b>master</b><br>Test class: pagesTestCasesYasasiiWeb.Dental_testcase<br>Parameters: , , , , , </td>
<td><div><pre>org.openqa.selenium.ElementClickInterceptedException: element click intercepted: Element &lt;button _ngcontent-jfi-c38=&quot;&quot; class=&quot;btn btn-red clear&quot; type=&quot;button&quot;&gt;...&lt;/button&gt; is not clickable at point (1300, 591). Other element would receive the click: &lt;div class=&quot;menu-overlay&quot;&gt;&lt;/div&gt;
  (Session info: chrome=109.0.5414.75)
Build info: version: &apos;4.0.0-alpha-3&apos;, revision: &apos;8c567de6dc&apos;
System info: host: &apos;KI54&apos;, ip: &apos;192.168.0.54&apos;, os.name: &apos;Windows 10&apos;, os.arch: &apos;amd64&apos;, os.version: &apos;10.0&apos;, java.version: &apos;18.0.1&apos;
Driver info: org.openqa.selenium.chrome.ChromeDriver
Capabilities {acceptInsecureCerts: false, browserName: chrome, browserVersion: 109.0.5414.75, chrome: {chromedriverVersion: 109.0.5414.74 (e7c5703604da..., userDataDir: C:\Users\sriram\AppData\Loc...}, goog:chromeOptions: {debuggerAddress: localhost:59829}, javascriptEnabled: true, networkConnectionEnabled: false, pageLoadStrategy: normal, platform: WINDOWS, platformName: WINDOWS, proxy: Proxy(), setWindowRect: true, strictFileInteractability: false, timeouts: {implicit: 0, pageLoad: 300000, script: 30000}, unhandledPromptBehavior: dismiss and notify, webauthn:extension:credBlob: true, webauthn:extension:largeBlob: true, webauthn:virtualAuthenticators: true}
Session ID: 2c084ad0bdcbdc39fa4eeaf558f94183
	at java.base/jdk.internal.reflect.DirectConstructorHandleAccessor.newInstance(DirectConstructorHandleAccessor.java:67)
	at java.base/java.lang.reflect.Constructor.newInstanceWithCaller(Constructor.java:499)
	at java.base/java.lang.reflect.Constructor.newInstance(Constructor.java:483)
	at org.openqa.selenium.remote.codec.w3c.W3CHttpResponseCodec.createException(W3CHttpResponseCodec.java:191)
	at org.openqa.selenium.remote.codec.w3c.W3CHttpResponseCodec.decode(W3CHttpResponseCodec.java:125)
	at org.openqa.selenium.remote.codec.w3c.W3CHttpResponseCodec.decode(W3CHttpResponseCodec.java:52)
	at org.openqa.selenium.remote.HttpCommandExecutor.execute(HttpCommandExecutor.java:161)
	at org.openqa.selenium.remote.service.DriverCommandExecutor.execute(DriverCommandExecutor.java:83)
	at org.openqa.selenium.remote.RemoteWebDriver.execute(RemoteWebDriver.java:576)
	at org.openqa.selenium.remote.RemoteWebElement.execute(RemoteWebElement.java:308)
	at org.openqa.selenium.remote.RemoteWebElement.click(RemoteWebElement.java:83)
	at pagesOfYasasiiWeb.dental_yasassiWeb.master(dental_yasassiWeb.java:148)
	at pagesTestCasesYasasiiWeb.Dental_testcase.master(Dental_testcase.java:58)
	at java.base/jdk.internal.reflect.DirectMethodHandleAccessor.invoke(DirectMethodHandleAccessor.java:104)
	at java.base/java.lang.reflect.Method.invoke(Method.java:577)
	at org.testng.internal.MethodInvocationHelper.invokeMethod(MethodInvocationHelper.java:132)
	at org.testng.internal.TestInvoker.invokeMethod(TestInvoker.java:599)
	at org.testng.internal.TestInvoker.invokeTestMethod(TestInvoker.java:174)
	at org.testng.internal.MethodRunner.runInSequence(MethodRunner.java:46)
	at org.testng.internal.TestInvoker$MethodInvocationAgent.invoke(TestInvoker.java:822)
	at org.testng.internal.TestInvoker.invokeTestMethods(TestInvoker.java:147)
	at org.testng.internal.TestMethodWorker.invokeTestMethods(TestMethodWorker.java:146)
	at org.testng.internal.TestMethodWorker.run(TestMethodWorker.java:128)
	at java.base/java.util.ArrayList.forEach(ArrayList.java:1511)
	at org.testng.TestRunner.privateRun(TestRunner.java:764)
	at org.testng.TestRunner.run(TestRunner.java:585)
	at org.testng.SuiteRunner.runTest(SuiteRunner.java:384)
	at org.testng.SuiteRunner.runSequentially(SuiteRunner.java:378)
	at org.testng.SuiteRunner.privateRun(SuiteRunner.java:337)
	at org.testng.SuiteRunner.run(SuiteRunner.java:286)
	at org.testng.SuiteRunnerWorker.runSuite(SuiteRunnerWorker.java:53)
	at org.testng.SuiteRunnerWorker.run(SuiteRunnerWorker.java:96)
	at org.testng.TestNG.runSuitesSequentially(TestNG.java:1218)
	at org.testng.TestNG.runSuitesLocally(TestNG.java:1140)
	at org.testng.TestNG.runSuites(TestNG.java:1069)
	at org.testng.TestNG.run(TestNG.java:1037)
	at org.testng.remote.AbstractRemoteTestNG.run(AbstractRemoteTestNG.java:115)
	at org.testng.remote.RemoteTestNG.initAndRun(RemoteTestNG.java:251)
	at org.testng.remote.RemoteTestNG.main(RemoteTestNG.java:77)
</pre></div><a href='#' onClick='toggleBox("stack-trace1858269017", this, "Click to show all stack frames", "Click to hide stack frames")'>Click to show all stack frames</a>
<div class='stack-trace' id='stack-trace1858269017'><pre>org.openqa.selenium.ElementClickInterceptedException: element click intercepted: Element &lt;button _ngcontent-jfi-c38=&quot;&quot; class=&quot;btn btn-red clear&quot; type=&quot;button&quot;&gt;...&lt;/button&gt; is not clickable at point (1300, 591). Other element would receive the click: &lt;div class=&quot;menu-overlay&quot;&gt;&lt;/div&gt;
  (Session info: chrome=109.0.5414.75)
Build info: version: &apos;4.0.0-alpha-3&apos;, revision: &apos;8c567de6dc&apos;
System info: host: &apos;KI54&apos;, ip: &apos;192.168.0.54&apos;, os.name: &apos;Windows 10&apos;, os.arch: &apos;amd64&apos;, os.version: &apos;10.0&apos;, java.version: &apos;18.0.1&apos;
Driver info: org.openqa.selenium.chrome.ChromeDriver
Capabilities {acceptInsecureCerts: false, browserName: chrome, browserVersion: 109.0.5414.75, chrome: {chromedriverVersion: 109.0.5414.74 (e7c5703604da..., userDataDir: C:\Users\sriram\AppData\Loc...}, goog:chromeOptions: {debuggerAddress: localhost:59829}, javascriptEnabled: true, networkConnectionEnabled: false, pageLoadStrategy: normal, platform: WINDOWS, platformName: WINDOWS, proxy: Proxy(), setWindowRect: true, strictFileInteractability: false, timeouts: {implicit: 0, pageLoad: 300000, script: 30000}, unhandledPromptBehavior: dismiss and notify, webauthn:extension:credBlob: true, webauthn:extension:largeBlob: true, webauthn:virtualAuthenticators: true}
Session ID: 2c084ad0bdcbdc39fa4eeaf558f94183
	at java.base/jdk.internal.reflect.DirectConstructorHandleAccessor.newInstance(DirectConstructorHandleAccessor.java:67)
	at java.base/java.lang.reflect.Constructor.newInstanceWithCaller(Constructor.java:499)
	at java.base/java.lang.reflect.Constructor.newInstance(Constructor.java:483)
	at org.openqa.selenium.remote.codec.w3c.W3CHttpResponseCodec.createException(W3CHttpResponseCodec.java:191)
	at org.openqa.selenium.remote.codec.w3c.W3CHttpResponseCodec.decode(W3CHttpResponseCodec.java:125)
	at org.openqa.selenium.remote.codec.w3c.W3CHttpResponseCodec.decode(W3CHttpResponseCodec.java:52)
	at org.openqa.selenium.remote.HttpCommandExecutor.execute(HttpCommandExecutor.java:161)
	at org.openqa.selenium.remote.service.DriverCommandExecutor.execute(DriverCommandExecutor.java:83)
	at org.openqa.selenium.remote.RemoteWebDriver.execute(RemoteWebDriver.java:576)
	at org.openqa.selenium.remote.RemoteWebElement.execute(RemoteWebElement.java:308)
	at org.openqa.selenium.remote.RemoteWebElement.click(RemoteWebElement.java:83)
	at pagesOfYasasiiWeb.dental_yasassiWeb.master(dental_yasassiWeb.java:148)
	at pagesTestCasesYasasiiWeb.Dental_testcase.master(Dental_testcase.java:58)
	at java.base/jdk.internal.reflect.DirectMethodHandleAccessor.invoke(DirectMethodHandleAccessor.java:104)
	at java.base/java.lang.reflect.Method.invoke(Method.java:577)
	at org.testng.internal.MethodInvocationHelper.invokeMethod(MethodInvocationHelper.java:132)
	at org.testng.internal.TestInvoker.invokeMethod(TestInvoker.java:599)
	at org.testng.internal.TestInvoker.invokeTestMethod(TestInvoker.java:174)
	at org.testng.internal.MethodRunner.runInSequence(MethodRunner.java:46)
	at org.testng.internal.TestInvoker$MethodInvocationAgent.invoke(TestInvoker.java:822)
	at org.testng.internal.TestInvoker.invokeTestMethods(TestInvoker.java:147)
	at org.testng.internal.TestMethodWorker.invokeTestMethods(TestMethodWorker.java:146)
	at org.testng.internal.TestMethodWorker.run(TestMethodWorker.java:128)
	at java.base/java.util.ArrayList.forEach(ArrayList.java:1511)
	at org.testng.TestRunner.privateRun(TestRunner.java:764)
	at org.testng.TestRunner.run(TestRunner.java:585)
	at org.testng.SuiteRunner.runTest(SuiteRunner.java:384)
	at org.testng.SuiteRunner.runSequentially(SuiteRunner.java:378)
	at org.testng.SuiteRunner.privateRun(SuiteRunner.java:337)
	at org.testng.SuiteRunner.run(SuiteRunner.java:286)
	at org.testng.SuiteRunnerWorker.runSuite(SuiteRunnerWorker.java:53)
	at org.testng.SuiteRunnerWorker.run(SuiteRunnerWorker.java:96)
	at org.testng.TestNG.runSuitesSequentially(TestNG.java:1218)
	at org.testng.TestNG.runSuitesLocally(TestNG.java:1140)
	at org.testng.TestNG.runSuites(TestNG.java:1069)
	at org.testng.TestNG.run(TestNG.java:1037)
	at org.testng.remote.AbstractRemoteTestNG.run(AbstractRemoteTestNG.java:115)
	at org.testng.remote.RemoteTestNG.initAndRun(RemoteTestNG.java:251)
	at org.testng.remote.RemoteTestNG.main(RemoteTestNG.java:77)
</pre></div></td>
<td>3</td>
<td>pagesTestCasesYasasiiWeb.Dental_testcase@60d1a32f</td></tr>
</table><p>
<table width='100%' border='1' class='invocation-passed'>
<tr><td colspan='4' align='center'><b>PASSED TESTS</b></td></tr>
<tr><td><b>Test method</b></td>
<td width="30%"><b>Exception</b></td>
<td width="10%"><b>Time (seconds)</b></td>
<td><b>Instance</b></td>
</tr>
<tr>
<td title='pagesTestCasesYasasiiWeb.Dental_testcase.master()'><b>master</b><br>Test class: pagesTestCasesYasasiiWeb.Dental_testcase<br>Parameters: , , Brow Lift Botox/   , Procedure, Derma Services,   </td>
<td></td>
<td>30</td>
<td>pagesTestCasesYasasiiWeb.Dental_testcase@60d1a32f</td></tr>
<tr>
<td title='pagesTestCasesYasasiiWeb.Dental_testcase.master()'><b>master</b><br>Test class: pagesTestCasesYasasiiWeb.Dental_testcase<br>Parameters: , , Cadilla Filler 1ML/      , Procedure, Derma Services,      </td>
<td></td>
<td>30</td>
<td>pagesTestCasesYasasiiWeb.Dental_testcase@60d1a32f</td></tr>
<tr>
<td title='pagesTestCasesYasasiiWeb.Dental_testcase.master()'><b>master</b><br>Test class: pagesTestCasesYasasiiWeb.Dental_testcase<br>Parameters: , , Cold Iron/  , Procedure, Derma Services,  </td>
<td></td>
<td>28</td>
<td>pagesTestCasesYasasiiWeb.Dental_testcase@60d1a32f</td></tr>
<tr>
<td title='pagesTestCasesYasasiiWeb.Dental_testcase.master()'><b>master</b><br>Test class: pagesTestCasesYasasiiWeb.Dental_testcase<br>Parameters: , , Dematology Checkup /      , Procedure, Derma Services,   </td>
<td></td>
<td>29</td>
<td>pagesTestCasesYasasiiWeb.Dental_testcase@60d1a32f</td></tr>
<tr>
<td title='pagesTestCasesYasasiiWeb.Dental_testcase.master()'><b>master</b><br>Test class: pagesTestCasesYasasiiWeb.Dental_testcase<br>Parameters: , , Dream Package/    , Procedure, Derma Services,    </td>
<td></td>
<td>29</td>
<td>pagesTestCasesYasasiiWeb.Dental_testcase@60d1a32f</td></tr>
<tr>
<td title='pagesTestCasesYasasiiWeb.Dental_testcase.master()'><b>master</b><br>Test class: pagesTestCasesYasasiiWeb.Dental_testcase<br>Parameters: , , Freckle Removal/  , Procedure, Derma Services,  </td>
<td></td>
<td>29</td>
<td>pagesTestCasesYasasiiWeb.Dental_testcase@60d1a32f</td></tr>
<tr>
<td title='pagesTestCasesYasasiiWeb.Dental_testcase.master()'><b>master</b><br>Test class: pagesTestCasesYasasiiWeb.Dental_testcase<br>Parameters: , , Hydra Facial/   , Procedure, Derma Services,  </td>
<td></td>
<td>29</td>
<td>pagesTestCasesYasasiiWeb.Dental_testcase@60d1a32f</td></tr>
<tr>
<td title='pagesTestCasesYasasiiWeb.Dental_testcase.master()'><b>master</b><br>Test class: pagesTestCasesYasasiiWeb.Dental_testcase<br>Parameters: , , HydraFacial with scrub 600/   , Procedure, Derma Services,   </td>
<td></td>
<td>30</td>
<td>pagesTestCasesYasasiiWeb.Dental_testcase@60d1a32f</td></tr>
<tr>
<td title='pagesTestCasesYasasiiWeb.Dental_testcase.master()'><b>master</b><br>Test class: pagesTestCasesYasasiiWeb.Dental_testcase<br>Parameters: , , HydraFacial with scrub 600 HydraFacial with Scrub and Collagen/    , Procedure, Derma Services,    </td>
<td></td>
<td>32</td>
<td>pagesTestCasesYasasiiWeb.Dental_testcase@60d1a32f</td></tr>
<tr>
<td title='pagesTestCasesYasasiiWeb.Dental_testcase.master()'><b>master</b><br>Test class: pagesTestCasesYasasiiWeb.Dental_testcase<br>Parameters: , , Hydro Session/  , Procedure, Derma Services,  </td>
<td></td>
<td>29</td>
<td>pagesTestCasesYasasiiWeb.Dental_testcase@60d1a32f</td></tr>
<tr>
<td title='pagesTestCasesYasasiiWeb.Dental_testcase.master()'><b>master</b><br>Test class: pagesTestCasesYasasiiWeb.Dental_testcase<br>Parameters: , , Laser Cream/  , Procedure, Derma Services,  </td>
<td></td>
<td>28</td>
<td>pagesTestCasesYasasiiWeb.Dental_testcase@60d1a32f</td></tr>
<tr>
<td title='pagesTestCasesYasasiiWeb.Dental_testcase.master()'><b>master</b><br>Test class: pagesTestCasesYasasiiWeb.Dental_testcase<br>Parameters: , , Lasmed Thalliium Laser/   , Procedure, Derma Services,   </td>
<td></td>
<td>29</td>
<td>pagesTestCasesYasasiiWeb.Dental_testcase@60d1a32f</td></tr>
<tr>
<td title='pagesTestCasesYasasiiWeb.Dental_testcase.master()'><b>master</b><br>Test class: pagesTestCasesYasasiiWeb.Dental_testcase<br>Parameters: , , Nose Botox/  , Procedure, Derma Services,  </td>
<td></td>
<td>29</td>
<td>pagesTestCasesYasasiiWeb.Dental_testcase@60d1a32f</td></tr>
<tr>
<td title='pagesTestCasesYasasiiWeb.Dental_testcase.master()'><b>master</b><br>Test class: pagesTestCasesYasasiiWeb.Dental_testcase<br>Parameters: , , Regenera Session/  , Procedure, Derma Services,  </td>
<td></td>
<td>29</td>
<td>pagesTestCasesYasasiiWeb.Dental_testcase@60d1a32f</td></tr>
<tr>
<td title='pagesTestCasesYasasiiWeb.Dental_testcase.master()'><b>master</b><br>Test class: pagesTestCasesYasasiiWeb.Dental_testcase<br>Parameters: , , Remove tattoo with Spectra 500 Gummy Smile Botox/   , Procedure, Derma Services,   </td>
<td></td>
<td>30</td>
<td>pagesTestCasesYasasiiWeb.Dental_testcase@60d1a32f</td></tr>
<tr>
<td title='pagesTestCasesYasasiiWeb.Dental_testcase.master()'><b>master</b><br>Test class: pagesTestCasesYasasiiWeb.Dental_testcase<br>Parameters: , , Scarlet Intracell RF/  , Procedure, Derma Services,  </td>
<td></td>
<td>29</td>
<td>pagesTestCasesYasasiiWeb.Dental_testcase@60d1a32f</td></tr>
<tr>
<td title='pagesTestCasesYasasiiWeb.Dental_testcase.master()'><b>master</b><br>Test class: pagesTestCasesYasasiiWeb.Dental_testcase<br>Parameters: , , Tosial Filler/  , Procedure, Derma Services,  </td>
<td></td>
<td>29</td>
<td>pagesTestCasesYasasiiWeb.Dental_testcase@60d1a32f</td></tr>
<tr>
<td title='pagesTestCasesYasasiiWeb.Dental_testcase.master()'><b>master</b><br>Test class: pagesTestCasesYasasiiWeb.Dental_testcase<br>Parameters: , , Ultra form chest tightening session/     , Procedure, Derma Services,     </td>
<td></td>
<td>30</td>
<td>pagesTestCasesYasasiiWeb.Dental_testcase@60d1a32f</td></tr>
<tr>
<td title='pagesTestCasesYasasiiWeb.Dental_testcase.master()'><b>master</b><br>Test class: pagesTestCasesYasasiiWeb.Dental_testcase<br>Parameters: , , Ultra Former Back Tightening Session/     , Procedure, Derma Services,     </td>
<td></td>
<td>31</td>
<td>pagesTestCasesYasasiiWeb.Dental_testcase@60d1a32f</td></tr>
<tr>
<td title='pagesTestCasesYasasiiWeb.Dental_testcase.master()'><b>master</b><br>Test class: pagesTestCasesYasasiiWeb.Dental_testcase<br>Parameters: , , Ultraformer face/   , Procedure, Derma Services,   </td>
<td></td>
<td>29</td>
<td>pagesTestCasesYasasiiWeb.Dental_testcase@60d1a32f</td></tr>
<tr>
<td title='pagesTestCasesYasasiiWeb.Dental_testcase.master()'><b>master</b><br>Test class: pagesTestCasesYasasiiWeb.Dental_testcase<br>Parameters: , , Ultraformer neck/   , Procedure, Derma Services,   </td>
<td></td>
<td>30</td>
<td>pagesTestCasesYasasiiWeb.Dental_testcase@60d1a32f</td></tr>
<tr>
<td title='pagesTestCasesYasasiiWeb.Dental_testcase.master()'><b>master</b><br>Test class: pagesTestCasesYasasiiWeb.Dental_testcase<br>Parameters: , ,    , Procedure, Derma Services,    </td>
<td></td>
<td>29</td>
<td>pagesTestCasesYasasiiWeb.Dental_testcase@60d1a32f</td></tr>
<tr>
<td title='pagesTestCasesYasasiiWeb.Dental_testcase.master()'><b>master</b><br>Test class: pagesTestCasesYasasiiWeb.Dental_testcase<br>Parameters: , ,    , Procedure, Derma Services,    </td>
<td></td>
<td>29</td>
<td>pagesTestCasesYasasiiWeb.Dental_testcase@60d1a32f</td></tr>
<tr>
<td title='pagesTestCasesYasasiiWeb.Dental_testcase.master()'><b>master</b><br>Test class: pagesTestCasesYasasiiWeb.Dental_testcase<br>Parameters: , ,   (), Procedure, Derma Services,   ()</td>
<td></td>
<td>29</td>
<td>pagesTestCasesYasasiiWeb.Dental_testcase@60d1a32f</td></tr>
<tr>
<td title='pagesTestCasesYasasiiWeb.Dental_testcase.master()'><b>master</b><br>Test class: pagesTestCasesYasasiiWeb.Dental_testcase<br>Parameters: , ,    , Procedure, Derma Services,    </td>
<td></td>
<td>28</td>
<td>pagesTestCasesYasasiiWeb.Dental_testcase@60d1a32f</td></tr>
<tr>
<td title='pagesTestCasesYasasiiWeb.Dental_testcase.master()'><b>master</b><br>Test class: pagesTestCasesYasasiiWeb.Dental_testcase<br>Parameters: , ,    , Procedure, Derma Services,    </td>
<td></td>
<td>28</td>
<td>pagesTestCasesYasasiiWeb.Dental_testcase@60d1a32f</td></tr>
<tr>
<td title='pagesTestCasesYasasiiWeb.Dental_testcase.master()'><b>master</b><br>Test class: pagesTestCasesYasasiiWeb.Dental_testcase<br>Parameters: , ,   , Procedure, Derma Services,   </td>
<td></td>
<td>28</td>
<td>pagesTestCasesYasasiiWeb.Dental_testcase@60d1a32f</td></tr>
<tr>
<td title='pagesTestCasesYasasiiWeb.Dental_testcase.master()'><b>master</b><br>Test class: pagesTestCasesYasasiiWeb.Dental_testcase<br>Parameters: , ,     , Procedure, Derma Services,     </td>
<td></td>
<td>28</td>
<td>pagesTestCasesYasasiiWeb.Dental_testcase@60d1a32f</td></tr>
<tr>
<td title='pagesTestCasesYasasiiWeb.Dental_testcase.master()'><b>master</b><br>Test class: pagesTestCasesYasasiiWeb.Dental_testcase<br>Parameters: , ,   , Procedure, Derma Services,   </td>
<td></td>
<td>28</td>
<td>pagesTestCasesYasasiiWeb.Dental_testcase@60d1a32f</td></tr>
<tr>
<td title='pagesTestCasesYasasiiWeb.Dental_testcase.master()'><b>master</b><br>Test class: pagesTestCasesYasasiiWeb.Dental_testcase<br>Parameters: , ,     , Procedure, Derma Services,     </td>
<td></td>
<td>29</td>
<td>pagesTestCasesYasasiiWeb.Dental_testcase@60d1a32f</td></tr>
<tr>
<td title='pagesTestCasesYasasiiWeb.Dental_testcase.master()'><b>master</b><br>Test class: pagesTestCasesYasasiiWeb.Dental_testcase<br>Parameters: , ,        , Procedure, Derma Services,        </td>
<td></td>
<td>30</td>
<td>pagesTestCasesYasasiiWeb.Dental_testcase@60d1a32f</td></tr>
<tr>
<td title='pagesTestCasesYasasiiWeb.Dental_testcase.master()'><b>master</b><br>Test class: pagesTestCasesYasasiiWeb.Dental_testcase<br>Parameters: , ,    , Procedure, Derma Services,    </td>
<td></td>
<td>29</td>
<td>pagesTestCasesYasasiiWeb.Dental_testcase@60d1a32f</td></tr>
<tr>
<td title='pagesTestCasesYasasiiWeb.Dental_testcase.master()'><b>master</b><br>Test class: pagesTestCasesYasasiiWeb.Dental_testcase<br>Parameters: , ,    , Procedure, Derma Services,    </td>
<td></td>
<td>29</td>
<td>pagesTestCasesYasasiiWeb.Dental_testcase@60d1a32f</td></tr>
<tr>
<td title='pagesTestCasesYasasiiWeb.Dental_testcase.master()'><b>master</b><br>Test class: pagesTestCasesYasasiiWeb.Dental_testcase<br>Parameters: , ,     , Procedure, Derma Services,     </td>
<td></td>
<td>30</td>
<td>pagesTestCasesYasasiiWeb.Dental_testcase@60d1a32f</td></tr>
<tr>
<td title='pagesTestCasesYasasiiWeb.Dental_testcase.master()'><b>master</b><br>Test class: pagesTestCasesYasasiiWeb.Dental_testcase<br>Parameters: , ,   , Procedure, Derma Services,   </td>
<td></td>
<td>28</td>
<td>pagesTestCasesYasasiiWeb.Dental_testcase@60d1a32f</td></tr>
<tr>
<td title='pagesTestCasesYasasiiWeb.Dental_testcase.master()'><b>master</b><br>Test class: pagesTestCasesYasasiiWeb.Dental_testcase<br>Parameters: , ,    , Procedure, Derma Services,    </td>
<td></td>
<td>28</td>
<td>pagesTestCasesYasasiiWeb.Dental_testcase@60d1a32f</td></tr>
<tr>
<td title='pagesTestCasesYasasiiWeb.Dental_testcase.master()'><b>master</b><br>Test class: pagesTestCasesYasasiiWeb.Dental_testcase<br>Parameters: , ,     , Procedure, Derma Services,     </td>
<td></td>
<td>29</td>
<td>pagesTestCasesYasasiiWeb.Dental_testcase@60d1a32f</td></tr>
<tr>
<td title='pagesTestCasesYasasiiWeb.Dental_testcase.master()'><b>master</b><br>Test class: pagesTestCasesYasasiiWeb.Dental_testcase<br>Parameters: , ,    , Procedure, Derma Services,    </td>
<td></td>
<td>28</td>
<td>pagesTestCasesYasasiiWeb.Dental_testcase@60d1a32f</td></tr>
<tr>
<td title='pagesTestCasesYasasiiWeb.Dental_testcase.master()'><b>master</b><br>Test class: pagesTestCasesYasasiiWeb.Dental_testcase<br>Parameters: , ,     , Procedure, Derma Services,     </td>
<td></td>
<td>29</td>
<td>pagesTestCasesYasasiiWeb.Dental_testcase@60d1a32f</td></tr>
<tr>
<td title='pagesTestCasesYasasiiWeb.Dental_testcase.master()'><b>master</b><br>Test class: pagesTestCasesYasasiiWeb.Dental_testcase<br>Parameters: , ,   , Procedure, Derma Services,   </td>
<td></td>
<td>28</td>
<td>pagesTestCasesYasasiiWeb.Dental_testcase@60d1a32f</td></tr>
<tr>
<td title='pagesTestCasesYasasiiWeb.Dental_testcase.master()'><b>master</b><br>Test class: pagesTestCasesYasasiiWeb.Dental_testcase<br>Parameters: , ,   , Procedure, Derma Services,   </td>
<td></td>
<td>28</td>
<td>pagesTestCasesYasasiiWeb.Dental_testcase@60d1a32f</td></tr>
<tr>
<td title='pagesTestCasesYasasiiWeb.Dental_testcase.master()'><b>master</b><br>Test class: pagesTestCasesYasasiiWeb.Dental_testcase<br>Parameters: , ,   , Procedure, Derma Services,   </td>
<td></td>
<td>28</td>
<td>pagesTestCasesYasasiiWeb.Dental_testcase@60d1a32f</td></tr>
<tr>
<td title='pagesTestCasesYasasiiWeb.Dental_testcase.master()'><b>master</b><br>Test class: pagesTestCasesYasasiiWeb.Dental_testcase<br>Parameters: , ,  , Procedure, Derma Services,  </td>
<td></td>
<td>28</td>
<td>pagesTestCasesYasasiiWeb.Dental_testcase@60d1a32f</td></tr>
<tr>
<td title='pagesTestCasesYasasiiWeb.Dental_testcase.master()'><b>master</b><br>Test class: pagesTestCasesYasasiiWeb.Dental_testcase<br>Parameters: , ,   100  , Procedure, Derma Services,   100  </td>
<td></td>
<td>29</td>
<td>pagesTestCasesYasasiiWeb.Dental_testcase@60d1a32f</td></tr>
<tr>
<td title='pagesTestCasesYasasiiWeb.Dental_testcase.master()'><b>master</b><br>Test class: pagesTestCasesYasasiiWeb.Dental_testcase<br>Parameters: , ,   50  , Procedure, Derma Services,   50  </td>
<td></td>
<td>29</td>
<td>pagesTestCasesYasasiiWeb.Dental_testcase@60d1a32f</td></tr>
<tr>
<td title='pagesTestCasesYasasiiWeb.Dental_testcase.master()'><b>master</b><br>Test class: pagesTestCasesYasasiiWeb.Dental_testcase<br>Parameters: , ,   , Procedure, Derma Services,   </td>
<td></td>
<td>28</td>
<td>pagesTestCasesYasasiiWeb.Dental_testcase@60d1a32f</td></tr>
<tr>
<td title='pagesTestCasesYasasiiWeb.Dental_testcase.master()'><b>master</b><br>Test class: pagesTestCasesYasasiiWeb.Dental_testcase<br>Parameters: , ,    , Procedure, Derma Services,    </td>
<td></td>
<td>28</td>
<td>pagesTestCasesYasasiiWeb.Dental_testcase@60d1a32f</td></tr>
<tr>
<td title='pagesTestCasesYasasiiWeb.Dental_testcase.master()'><b>master</b><br>Test class: pagesTestCasesYasasiiWeb.Dental_testcase<br>Parameters: , ,   , Procedure, Derma Services,   </td>
<td></td>
<td>28</td>
<td>pagesTestCasesYasasiiWeb.Dental_testcase@60d1a32f</td></tr>
<tr>
<td title='pagesTestCasesYasasiiWeb.Dental_testcase.master()'><b>master</b><br>Test class: pagesTestCasesYasasiiWeb.Dental_testcase<br>Parameters: , ,  , Procedure, Derma Services,  </td>
<td></td>
<td>28</td>
<td>pagesTestCasesYasasiiWeb.Dental_testcase@60d1a32f</td></tr>
<tr>
<td title='pagesTestCasesYasasiiWeb.Dental_testcase.master()'><b>master</b><br>Test class: pagesTestCasesYasasiiWeb.Dental_testcase<br>Parameters: , ,  , Procedure, Derma Services,  </td>
<td></td>
<td>28</td>
<td>pagesTestCasesYasasiiWeb.Dental_testcase@60d1a32f</td></tr>
<tr>
<td title='pagesTestCasesYasasiiWeb.Dental_testcase.master()'><b>master</b><br>Test class: pagesTestCasesYasasiiWeb.Dental_testcase<br>Parameters: , ,  , Procedure, Derma Services,  </td>
<td></td>
<td>28</td>
<td>pagesTestCasesYasasiiWeb.Dental_testcase@60d1a32f</td></tr>
<tr>
<td title='pagesTestCasesYasasiiWeb.Dental_testcase.master()'><b>master</b><br>Test class: pagesTestCasesYasasiiWeb.Dental_testcase<br>Parameters: , ,  , Procedure, Derma Services,  </td>
<td></td>
<td>28</td>
<td>pagesTestCasesYasasiiWeb.Dental_testcase@60d1a32f</td></tr>
<tr>
<td title='pagesTestCasesYasasiiWeb.Dental_testcase.master()'><b>master</b><br>Test class: pagesTestCasesYasasiiWeb.Dental_testcase<br>Parameters: , ,  , Procedure, Derma Services,  </td>
<td></td>
<td>28</td>
<td>pagesTestCasesYasasiiWeb.Dental_testcase@60d1a32f</td></tr>
<tr>
<td title='pagesTestCasesYasasiiWeb.Dental_testcase.master()'><b>master</b><br>Test class: pagesTestCasesYasasiiWeb.Dental_testcase<br>Parameters: , ,  , Procedure, Derma Services,  </td>
<td></td>
<td>28</td>
<td>pagesTestCasesYasasiiWeb.Dental_testcase@60d1a32f</td></tr>
<tr>
<td title='pagesTestCasesYasasiiWeb.Dental_testcase.master()'><b>master</b><br>Test class: pagesTestCasesYasasiiWeb.Dental_testcase<br>Parameters: , ,     , Procedure, Derma Services,     </td>
<td></td>
<td>28</td>
<td>pagesTestCasesYasasiiWeb.Dental_testcase@60d1a32f</td></tr>
<tr>
<td title='pagesTestCasesYasasiiWeb.Dental_testcase.master()'><b>master</b><br>Test class: pagesTestCasesYasasiiWeb.Dental_testcase<br>Parameters: , ,   , Procedure, Derma Services,   </td>
<td></td>
<td>29</td>
<td>pagesTestCasesYasasiiWeb.Dental_testcase@60d1a32f</td></tr>
<tr>
<td title='pagesTestCasesYasasiiWeb.Dental_testcase.master()'><b>master</b><br>Test class: pagesTestCasesYasasiiWeb.Dental_testcase<br>Parameters: , ,    , Procedure, Derma Services,    </td>
<td></td>
<td>29</td>
<td>pagesTestCasesYasasiiWeb.Dental_testcase@60d1a32f</td></tr>
<tr>
<td title='pagesTestCasesYasasiiWeb.Dental_testcase.master()'><b>master</b><br>Test class: pagesTestCasesYasasiiWeb.Dental_testcase<br>Parameters: , ,    , Procedure, Derma Services,    </td>
<td></td>
<td>29</td>
<td>pagesTestCasesYasasiiWeb.Dental_testcase@60d1a32f</td></tr>
<tr>
<td title='pagesTestCasesYasasiiWeb.Dental_testcase.master()'><b>master</b><br>Test class: pagesTestCasesYasasiiWeb.Dental_testcase<br>Parameters: , ,   , Procedure, Derma Services,   </td>
<td></td>
<td>29</td>
<td>pagesTestCasesYasasiiWeb.Dental_testcase@60d1a32f</td></tr>
<tr>
<td title='pagesTestCasesYasasiiWeb.Dental_testcase.master()'><b>master</b><br>Test class: pagesTestCasesYasasiiWeb.Dental_testcase<br>Parameters: , ,  , Procedure, Derma Services,  </td>
<td></td>
<td>28</td>
<td>pagesTestCasesYasasiiWeb.Dental_testcase@60d1a32f</td></tr>
<tr>
<td title='pagesTestCasesYasasiiWeb.Dental_testcase.master()'><b>master</b><br>Test class: pagesTestCasesYasasiiWeb.Dental_testcase<br>Parameters: , ,  , Procedure, Derma Services,  </td>
<td></td>
<td>28</td>
<td>pagesTestCasesYasasiiWeb.Dental_testcase@60d1a32f</td></tr>
<tr>
<td title='pagesTestCasesYasasiiWeb.Dental_testcase.master()'><b>master</b><br>Test class: pagesTestCasesYasasiiWeb.Dental_testcase<br>Parameters: , ,       +3    , Procedure, Derma Services,       +3    </td>
<td></td>
<td>31</td>
<td>pagesTestCasesYasasiiWeb.Dental_testcase@60d1a32f</td></tr>
<tr>
<td title='pagesTestCasesYasasiiWeb.Dental_testcase.master()'><b>master</b><br>Test class: pagesTestCasesYasasiiWeb.Dental_testcase<br>Parameters: , ,       +    , Procedure, Derma Services,       +    </td>
<td></td>
<td>31</td>
<td>pagesTestCasesYasasiiWeb.Dental_testcase@60d1a32f</td></tr>
<tr>
<td title='pagesTestCasesYasasiiWeb.Dental_testcase.master()'><b>master</b><br>Test class: pagesTestCasesYasasiiWeb.Dental_testcase<br>Parameters: , ,  , Procedure, Derma Services,  </td>
<td></td>
<td>28</td>
<td>pagesTestCasesYasasiiWeb.Dental_testcase@60d1a32f</td></tr>
<tr>
<td title='pagesTestCasesYasasiiWeb.Dental_testcase.master()'><b>master</b><br>Test class: pagesTestCasesYasasiiWeb.Dental_testcase<br>Parameters: , ,   3 , Procedure, Derma Services,   3 </td>
<td></td>
<td>28</td>
<td>pagesTestCasesYasasiiWeb.Dental_testcase@60d1a32f</td></tr>
<tr>
<td title='pagesTestCasesYasasiiWeb.Dental_testcase.master()'><b>master</b><br>Test class: pagesTestCasesYasasiiWeb.Dental_testcase<br>Parameters: , ,   , Procedure, Derma Services,   </td>
<td></td>
<td>28</td>
<td>pagesTestCasesYasasiiWeb.Dental_testcase@60d1a32f</td></tr>
<tr>
<td title='pagesTestCasesYasasiiWeb.Dental_testcase.master()'><b>master</b><br>Test class: pagesTestCasesYasasiiWeb.Dental_testcase<br>Parameters: , ,   , Procedure, Derma Services,   </td>
<td></td>
<td>28</td>
<td>pagesTestCasesYasasiiWeb.Dental_testcase@60d1a32f</td></tr>
<tr>
<td title='pagesTestCasesYasasiiWeb.Dental_testcase.master()'><b>master</b><br>Test class: pagesTestCasesYasasiiWeb.Dental_testcase<br>Parameters: , ,    , Procedure, Derma Services,    </td>
<td></td>
<td>28</td>
<td>pagesTestCasesYasasiiWeb.Dental_testcase@60d1a32f</td></tr>
<tr>
<td title='pagesTestCasesYasasiiWeb.Dental_testcase.master()'><b>master</b><br>Test class: pagesTestCasesYasasiiWeb.Dental_testcase<br>Parameters: , ,   , Procedure, Derma Services,   </td>
<td></td>
<td>28</td>
<td>pagesTestCasesYasasiiWeb.Dental_testcase@60d1a32f</td></tr>
<tr>
<td title='pagesTestCasesYasasiiWeb.Dental_testcase.master()'><b>master</b><br>Test class: pagesTestCasesYasasiiWeb.Dental_testcase<br>Parameters: , ,   , Procedure, Derma Services,   </td>
<td></td>
<td>28</td>
<td>pagesTestCasesYasasiiWeb.Dental_testcase@60d1a32f</td></tr>
<tr>
<td title='pagesTestCasesYasasiiWeb.Dental_testcase.master()'><b>master</b><br>Test class: pagesTestCasesYasasiiWeb.Dental_testcase<br>Parameters: , ,  , Procedure, Derma Services,  </td>
<td></td>
<td>28</td>
<td>pagesTestCasesYasasiiWeb.Dental_testcase@60d1a32f</td></tr>
<tr>
<td title='pagesTestCasesYasasiiWeb.Dental_testcase.master()'><b>master</b><br>Test class: pagesTestCasesYasasiiWeb.Dental_testcase<br>Parameters: , ,    , Procedure, Derma Services,    </td>
<td></td>
<td>28</td>
<td>pagesTestCasesYasasiiWeb.Dental_testcase@60d1a32f</td></tr>
<tr>
<td title='pagesTestCasesYasasiiWeb.Dental_testcase.master()'><b>master</b><br>Test class: pagesTestCasesYasasiiWeb.Dental_testcase<br>Parameters: , ,         ( -  - ) , Procedure, Derma Services,         ( -  - ) </td>
<td></td>
<td>32</td>
<td>pagesTestCasesYasasiiWeb.Dental_testcase@60d1a32f</td></tr>
<tr>
<td title='pagesTestCasesYasasiiWeb.Dental_testcase.master()'><b>master</b><br>Test class: pagesTestCasesYasasiiWeb.Dental_testcase<br>Parameters: , ,        ( -  - ) , Procedure, Derma Services,        ( -  - ) </td>
<td></td>
<td>32</td>
<td>pagesTestCasesYasasiiWeb.Dental_testcase@60d1a32f</td></tr>
<tr>
<td title='pagesTestCasesYasasiiWeb.Dental_testcase.master()'><b>master</b><br>Test class: pagesTestCasesYasasiiWeb.Dental_testcase<br>Parameters: , ,    , Procedure, Derma Services,    </td>
<td></td>
<td>29</td>
<td>pagesTestCasesYasasiiWeb.Dental_testcase@60d1a32f</td></tr>
<tr>
<td title='pagesTestCasesYasasiiWeb.Dental_testcase.master()'><b>master</b><br>Test class: pagesTestCasesYasasiiWeb.Dental_testcase<br>Parameters: , ,   , Procedure, Derma Services,   </td>
<td></td>
<td>28</td>
<td>pagesTestCasesYasasiiWeb.Dental_testcase@60d1a32f</td></tr>
<tr>
<td title='pagesTestCasesYasasiiWeb.Dental_testcase.master()'><b>master</b><br>Test class: pagesTestCasesYasasiiWeb.Dental_testcase<br>Parameters: , ,    , Procedure, Derma Services,    </td>
<td></td>
<td>28</td>
<td>pagesTestCasesYasasiiWeb.Dental_testcase@60d1a32f</td></tr>
<tr>
<td title='pagesTestCasesYasasiiWeb.Dental_testcase.master()'><b>master</b><br>Test class: pagesTestCasesYasasiiWeb.Dental_testcase<br>Parameters: , ,    , Procedure, Derma Services,    </td>
<td></td>
<td>29</td>
<td>pagesTestCasesYasasiiWeb.Dental_testcase@60d1a32f</td></tr>
<tr>
<td title='pagesTestCasesYasasiiWeb.Dental_testcase.master()'><b>master</b><br>Test class: pagesTestCasesYasasiiWeb.Dental_testcase<br>Parameters: , ,   , Procedure, Derma Services,   </td>
<td></td>
<td>28</td>
<td>pagesTestCasesYasasiiWeb.Dental_testcase@60d1a32f</td></tr>
<tr>
<td title='pagesTestCasesYasasiiWeb.Dental_testcase.master()'><b>master</b><br>Test class: pagesTestCasesYasasiiWeb.Dental_testcase<br>Parameters: , ,     , Procedure, Derma Services,     </td>
<td></td>
<td>29</td>
<td>pagesTestCasesYasasiiWeb.Dental_testcase@60d1a32f</td></tr>
<tr>
<td title='pagesTestCasesYasasiiWeb.Dental_testcase.master()'><b>master</b><br>Test class: pagesTestCasesYasasiiWeb.Dental_testcase<br>Parameters: , ,   , Procedure, Derma Services,   </td>
<td></td>
<td>28</td>
<td>pagesTestCasesYasasiiWeb.Dental_testcase@60d1a32f</td></tr>
<tr>
<td title='pagesTestCasesYasasiiWeb.Dental_testcase.master()'><b>master</b><br>Test class: pagesTestCasesYasasiiWeb.Dental_testcase<br>Parameters: , ,  , Procedure, Derma Services,  </td>
<td></td>
<td>28</td>
<td>pagesTestCasesYasasiiWeb.Dental_testcase@60d1a32f</td></tr>
<tr>
<td title='pagesTestCasesYasasiiWeb.Dental_testcase.master()'><b>master</b><br>Test class: pagesTestCasesYasasiiWeb.Dental_testcase<br>Parameters: , ,  , Procedure, Derma Services,  </td>
<td></td>
<td>28</td>
<td>pagesTestCasesYasasiiWeb.Dental_testcase@60d1a32f</td></tr>
<tr>
<td title='pagesTestCasesYasasiiWeb.Dental_testcase.master()'><b>master</b><br>Test class: pagesTestCasesYasasiiWeb.Dental_testcase<br>Parameters: , ,  , Procedure, Derma Services,  </td>
<td></td>
<td>28</td>
<td>pagesTestCasesYasasiiWeb.Dental_testcase@60d1a32f</td></tr>
<tr>
<td title='pagesTestCasesYasasiiWeb.Dental_testcase.master()'><b>master</b><br>Test class: pagesTestCasesYasasiiWeb.Dental_testcase<br>Parameters: , ,  , Procedure, Derma Services,  </td>
<td></td>
<td>28</td>
<td>pagesTestCasesYasasiiWeb.Dental_testcase@60d1a32f</td></tr>
<tr>
<td title='pagesTestCasesYasasiiWeb.Dental_testcase.master()'><b>master</b><br>Test class: pagesTestCasesYasasiiWeb.Dental_testcase<br>Parameters: , ,   , Procedure, Derma Services,   </td>
<td></td>
<td>28</td>
<td>pagesTestCasesYasasiiWeb.Dental_testcase@60d1a32f</td></tr>
<tr>
<td title='pagesTestCasesYasasiiWeb.Dental_testcase.master()'><b>master</b><br>Test class: pagesTestCasesYasasiiWeb.Dental_testcase<br>Parameters: , ,   , Procedure, Derma Services,   </td>
<td></td>
<td>28</td>
<td>pagesTestCasesYasasiiWeb.Dental_testcase@60d1a32f</td></tr>
<tr>
<td title='pagesTestCasesYasasiiWeb.Dental_testcase.master()'><b>master</b><br>Test class: pagesTestCasesYasasiiWeb.Dental_testcase<br>Parameters: , ,    , Procedure, Derma Services,    </td>
<td></td>
<td>29</td>
<td>pagesTestCasesYasasiiWeb.Dental_testcase@60d1a32f</td></tr>
<tr>
<td title='pagesTestCasesYasasiiWeb.Dental_testcase.master()'><b>master</b><br>Test class: pagesTestCasesYasasiiWeb.Dental_testcase<br>Parameters: , ,  , Procedure, Derma Services,  </td>
<td></td>
<td>28</td>
<td>pagesTestCasesYasasiiWeb.Dental_testcase@60d1a32f</td></tr>
<tr>
<td title='pagesTestCasesYasasiiWeb.Dental_testcase.master()'><b>master</b><br>Test class: pagesTestCasesYasasiiWeb.Dental_testcase<br>Parameters: , ,   , Procedure, Derma Services,   </td>
<td></td>
<td>28</td>
<td>pagesTestCasesYasasiiWeb.Dental_testcase@60d1a32f</td></tr>
<tr>
<td title='pagesTestCasesYasasiiWeb.Dental_testcase.master()'><b>master</b><br>Test class: pagesTestCasesYasasiiWeb.Dental_testcase<br>Parameters: , ,    1500    , Procedure, Derma Services,    1500    </td>
<td></td>
<td>30</td>
<td>pagesTestCasesYasasiiWeb.Dental_testcase@60d1a32f</td></tr>
<tr>
<td title='pagesTestCasesYasasiiWeb.Dental_testcase.master()'><b>master</b><br>Test class: pagesTestCasesYasasiiWeb.Dental_testcase<br>Parameters: , ,  3   , Procedure, Derma Services,  3   </td>
<td></td>
<td>28</td>
<td>pagesTestCasesYasasiiWeb.Dental_testcase@60d1a32f</td></tr>
<tr>
<td title='pagesTestCasesYasasiiWeb.Dental_testcase.master()'><b>master</b><br>Test class: pagesTestCasesYasasiiWeb.Dental_testcase<br>Parameters: , ,  6    , Procedure, Derma Services,  6    </td>
<td></td>
<td>29</td>
<td>pagesTestCasesYasasiiWeb.Dental_testcase@60d1a32f</td></tr>
<tr>
<td title='pagesTestCasesYasasiiWeb.Dental_testcase.master()'><b>master</b><br>Test class: pagesTestCasesYasasiiWeb.Dental_testcase<br>Parameters: , ,    , Procedure, Derma Services,    </td>
<td></td>
<td>29</td>
<td>pagesTestCasesYasasiiWeb.Dental_testcase@60d1a32f</td></tr>
<tr>
<td title='pagesTestCasesYasasiiWeb.Dental_testcase.master()'><b>master</b><br>Test class: pagesTestCasesYasasiiWeb.Dental_testcase<br>Parameters: , ,  , Procedure, Derma Services,  </td>
<td></td>
<td>28</td>
<td>pagesTestCasesYasasiiWeb.Dental_testcase@60d1a32f</td></tr>
<tr>
<td title='pagesTestCasesYasasiiWeb.Dental_testcase.master()'><b>master</b><br>Test class: pagesTestCasesYasasiiWeb.Dental_testcase<br>Parameters: , ,   , Procedure, Derma Services,   </td>
<td></td>
<td>28</td>
<td>pagesTestCasesYasasiiWeb.Dental_testcase@60d1a32f</td></tr>
<tr>
<td title='pagesTestCasesYasasiiWeb.Dental_testcase.master()'><b>master</b><br>Test class: pagesTestCasesYasasiiWeb.Dental_testcase<br>Parameters: , ,   , Procedure, Derma Services,   </td>
<td></td>
<td>28</td>
<td>pagesTestCasesYasasiiWeb.Dental_testcase@60d1a32f</td></tr>
<tr>
<td title='pagesTestCasesYasasiiWeb.Dental_testcase.master()'><b>master</b><br>Test class: pagesTestCasesYasasiiWeb.Dental_testcase<br>Parameters: , ,   , Procedure, Derma Services,   </td>
<td></td>
<td>28</td>
<td>pagesTestCasesYasasiiWeb.Dental_testcase@60d1a32f</td></tr>
<tr>
<td title='pagesTestCasesYasasiiWeb.Dental_testcase.master()'><b>master</b><br>Test class: pagesTestCasesYasasiiWeb.Dental_testcase<br>Parameters: , ,        , Procedure, Derma Services,        </td>
<td></td>
<td>29</td>
<td>pagesTestCasesYasasiiWeb.Dental_testcase@60d1a32f</td></tr>
<tr>
<td title='pagesTestCasesYasasiiWeb.Dental_testcase.master()'><b>master</b><br>Test class: pagesTestCasesYasasiiWeb.Dental_testcase<br>Parameters: , ,       , Procedure, Derma Services,       </td>
<td></td>
<td>29</td>
<td>pagesTestCasesYasasiiWeb.Dental_testcase@60d1a32f</td></tr>
<tr>
<td title='pagesTestCasesYasasiiWeb.Dental_testcase.master()'><b>master</b><br>Test class: pagesTestCasesYasasiiWeb.Dental_testcase<br>Parameters: , ,     , Procedure, Derma Services,     </td>
<td></td>
<td>29</td>
<td>pagesTestCasesYasasiiWeb.Dental_testcase@60d1a32f</td></tr>
<tr>
<td title='pagesTestCasesYasasiiWeb.Dental_testcase.master()'><b>master</b><br>Test class: pagesTestCasesYasasiiWeb.Dental_testcase<br>Parameters: , ,  , Procedure, Derma Services,  </td>
<td></td>
<td>28</td>
<td>pagesTestCasesYasasiiWeb.Dental_testcase@60d1a32f</td></tr>
<tr>
<td title='pagesTestCasesYasasiiWeb.Dental_testcase.master()'><b>master</b><br>Test class: pagesTestCasesYasasiiWeb.Dental_testcase<br>Parameters: , ,    , Procedure, Derma Services,    </td>
<td></td>
<td>28</td>
<td>pagesTestCasesYasasiiWeb.Dental_testcase@60d1a32f</td></tr>
<tr>
<td title='pagesTestCasesYasasiiWeb.Dental_testcase.master()'><b>master</b><br>Test class: pagesTestCasesYasasiiWeb.Dental_testcase<br>Parameters: , ,   , Procedure, Derma Services,   </td>
<td></td>
<td>28</td>
<td>pagesTestCasesYasasiiWeb.Dental_testcase@60d1a32f</td></tr>
<tr>
<td title='pagesTestCasesYasasiiWeb.Dental_testcase.master()'><b>master</b><br>Test class: pagesTestCasesYasasiiWeb.Dental_testcase<br>Parameters: , ,    , Procedure, Derma Services,    </td>
<td></td>
<td>28</td>
<td>pagesTestCasesYasasiiWeb.Dental_testcase@60d1a32f</td></tr>
<tr>
<td title='pagesTestCasesYasasiiWeb.Dental_testcase.master()'><b>master</b><br>Test class: pagesTestCasesYasasiiWeb.Dental_testcase<br>Parameters: , ,    , Procedure, Derma Services,    </td>
<td></td>
<td>28</td>
<td>pagesTestCasesYasasiiWeb.Dental_testcase@60d1a32f</td></tr>
<tr>
<td title='pagesTestCasesYasasiiWeb.Dental_testcase.master()'><b>master</b><br>Test class: pagesTestCasesYasasiiWeb.Dental_testcase<br>Parameters: , ,    , Procedure, Derma Services,    </td>
<td></td>
<td>28</td>
<td>pagesTestCasesYasasiiWeb.Dental_testcase@60d1a32f</td></tr>
<tr>
<td title='pagesTestCasesYasasiiWeb.Dental_testcase.master()'><b>master</b><br>Test class: pagesTestCasesYasasiiWeb.Dental_testcase<br>Parameters: , ,    , Procedure, Derma Services,    </td>
<td></td>
<td>29</td>
<td>pagesTestCasesYasasiiWeb.Dental_testcase@60d1a32f</td></tr>
<tr>
<td title='pagesTestCasesYasasiiWeb.Dental_testcase.master()'><b>master</b><br>Test class: pagesTestCasesYasasiiWeb.Dental_testcase<br>Parameters: , ,     , Procedure, Derma Services,     </td>
<td></td>
<td>29</td>
<td>pagesTestCasesYasasiiWeb.Dental_testcase@60d1a32f</td></tr>
<tr>
<td title='pagesTestCasesYasasiiWeb.Dental_testcase.master()'><b>master</b><br>Test class: pagesTestCasesYasasiiWeb.Dental_testcase<br>Parameters: , ,    , Procedure, Derma Services,    </td>
<td></td>
<td>29</td>
<td>pagesTestCasesYasasiiWeb.Dental_testcase@60d1a32f</td></tr>
<tr>
<td title='pagesTestCasesYasasiiWeb.Dental_testcase.master()'><b>master</b><br>Test class: pagesTestCasesYasasiiWeb.Dental_testcase<br>Parameters: , ,     , Procedure, Derma Services,     </td>
<td></td>
<td>29</td>
<td>pagesTestCasesYasasiiWeb.Dental_testcase@60d1a32f</td></tr>
<tr>
<td title='pagesTestCasesYasasiiWeb.Dental_testcase.master()'><b>master</b><br>Test class: pagesTestCasesYasasiiWeb.Dental_testcase<br>Parameters: , ,    , Procedure, Derma Services,    </td>
<td></td>
<td>28</td>
<td>pagesTestCasesYasasiiWeb.Dental_testcase@60d1a32f</td></tr>
</table><p>
</body>
</html>